0 win@V-actor@N-NSUBJ freq:30.0 ppmi:0.9693990944945879	win@V-battle@N-OBJ freq:8465.0 ppmi:4.229052381844102 score
1 win@V-actor@N-NSUBJ freq:30.0 ppmi:0.9693990944945879	win@V-award@N-OBJ freq:167505.0 ppmi:5.780060461037429 score
2 tell@V-anchorman@N-NSUBJ freq:0 ppmi:7.155321459814633	tell@V-parable@N-OBJ freq:165.0 ppmi:5.780678498226957 score
3 tell@V-anchorman@N-NSUBJ freq:0 ppmi:7.155321459814633	tell@V-news@N-OBJ freq:3623.0 ppmi:3.6366242264110835 score
4 find@V-animal@N-NSUBJ freq:63.0 ppmi:2.1510088306922563	find@V-map@N-OBJ freq:1216.0 ppmi:1.4316966901851111 score
5 find@V-animal@N-NSUBJ freq:63.0 ppmi:2.1510088306922563	find@V-food@N-OBJ freq:2661.0 ppmi:1.6503193483483058 score
6 stack@V-ant@N-NSUBJ freq:0 ppmi:4.371385868331288	stack@V-suitcase@N-OBJ freq:0 ppmi:4.359552288635965 zero_score
7 stack@V-ant@N-NSUBJ freq:0 ppmi:4.371385868331288	stack@V-supply@N-OBJ freq:0 ppmi:0.21411786786571121 zero_score
8 examine@V-archeologist@N-NSUBJ freq:0 ppmi:4.656118418487445	examine@V-dog@N-OBJ freq:39.0 ppmi:0 score
9 examine@V-archeologist@N-NSUBJ freq:0 ppmi:4.656118418487445	examine@V-epigraph@N-OBJ freq:0 ppmi:3.9135973687349983 zero_score
10 release@V-archer@N-NSUBJ freq:3.0 ppmi:1.3527499676278372	release@V-interview@N-OBJ freq:116.0 ppmi:0 score
11 release@V-archer@N-NSUBJ freq:3.0 ppmi:1.3527499676278372	release@V-arrow@N-OBJ freq:46.0 ppmi:1.293004786624182 score
12 assemble@V-artist@N-NSUBJ freq:5.0 ppmi:2.86009008640718	assemble@V-tent@N-OBJ freq:13.0 ppmi:3.6313883113012864 score
13 assemble@V-artist@N-NSUBJ freq:5.0 ppmi:2.86009008640718	assemble@V-art@N-OBJ freq:14.0 ppmi:0.28999361861029554 score
14 hang@V-artist@N-NSUBJ freq:5.0 ppmi:1.6372549008718316	hang@V-motorcycle@N-OBJ freq:0 ppmi:1.0985818334219362 score
15 hang@V-artist@N-NSUBJ freq:5.0 ppmi:1.6372549008718316	hang@V-picture@N-OBJ freq:271.0 ppmi:3.994829323025673 score
16 help@V-assistant@N-NSUBJ freq:133.0 ppmi:4.0892162568389345	help@V-soldier@N-OBJ freq:380.0 ppmi:2.189108800478736 score
17 help@V-assistant@N-NSUBJ freq:133.0 ppmi:4.0892162568389345	help@V-cook@N-OBJ freq:70.0 ppmi:2.7529304741260567 score
18 reach@V-astronaut@N-NSUBJ freq:4.0 ppmi:2.8803183713056506	reach@V-baker@N-OBJ freq:6.0 ppmi:0 score
19 reach@V-astronaut@N-NSUBJ freq:4.0 ppmi:2.8803183713056506	reach@V-moon@N-OBJ freq:280.0 ppmi:3.3396453248633673 score
20 touch@V-astronaut@N-NSUBJ freq:3.0 ppmi:5.790257040115711	touch@V-guitar@N-OBJ freq:27.0 ppmi:1.4676985909812303 score
21 touch@V-astronaut@N-NSUBJ freq:3.0 ppmi:5.790257040115711	touch@V-ground@N-OBJ freq:1514.0 ppmi:6.969805722005414 score
22 celebrate@V-athlete@N-NSUBJ freq:8.0 ppmi:2.6536155816350164	celebrate@V-marriage@N-OBJ freq:768.0 ppmi:4.5900784259229015 score
23 celebrate@V-athlete@N-NSUBJ freq:8.0 ppmi:2.6536155816350164	celebrate@V-victory@N-OBJ freq:2786.0 ppmi:5.4326865390550205 score
24 start@V-athlete@N-NSUBJ freq:22.0 ppmi:1.0277960642549058	start@V-vacuum@N-OBJ freq:0 ppmi:0 score
25 start@V-athlete@N-NSUBJ freq:22.0 ppmi:1.0277960642549058	start@V-match@N-OBJ freq:3582.0 ppmi:3.2023559910477744 score
26 win@V-athlete@N-NSUBJ freq:81.0 ppmi:2.4713287999882025	win@V-toy@N-OBJ freq:120.0 ppmi:0 score
27 win@V-athlete@N-NSUBJ freq:81.0 ppmi:2.4713287999882025	win@V-cup@N-OBJ freq:50850.0 ppmi:6.061823370762981 score
28 sign@V-author@N-NSUBJ freq:79.0 ppmi:2.6160295871277355	sign@V-check@N-OBJ freq:99.0 ppmi:1.117618938853298 score
29 sign@V-author@N-NSUBJ freq:79.0 ppmi:2.6160295871277355	sign@V-book@N-OBJ freq:1457.0 ppmi:1.5955926869296826 score
30 gather@V-baker@N-NSUBJ freq:4.0 ppmi:2.66718725544703	gather@V-soldier@N-OBJ freq:144.0 ppmi:3.0979499500630197 score
31 gather@V-baker@N-NSUBJ freq:4.0 ppmi:2.66718725544703	gather@V-bread@N-OBJ freq:12.0 ppmi:1.3308025219157826 score
32 sell@V-baker@N-NSUBJ freq:15.0 ppmi:2.361667462070709	sell@V-stroller@N-OBJ freq:3.0 ppmi:3.1464137931409986 score
33 sell@V-baker@N-NSUBJ freq:15.0 ppmi:2.361667462070709	sell@V-bread@N-OBJ freq:288.0 ppmi:3.259410379872798 score
34 assign@V-bank@N-NSUBJ freq:20.0 ppmi:3.525384257987441	assign@V-book@N-OBJ freq:57.0 ppmi:0 score
35 assign@V-bank@N-NSUBJ freq:20.0 ppmi:3.525384257987441	assign@V-code@N-OBJ freq:1351.0 ppmi:5.313029724811326 score
36 cut@V-barber@N-NSUBJ freq:11.0 ppmi:4.297075865869886	cut@V-cake@N-OBJ freq:529.0 ppmi:5.431172939418117 score
37 cut@V-barber@N-NSUBJ freq:11.0 ppmi:4.297075865869886	cut@V-hair@N-OBJ freq:2333.0 ppmi:6.216221023440814 score
38 use@V-barber@N-NSUBJ freq:6.0 ppmi:0.42452326688092434	use@V-microscope@N-OBJ freq:1518.0 ppmi:4.717877411912965 score
39 use@V-barber@N-NSUBJ freq:6.0 ppmi:0.42452326688092434	use@V-razor@N-OBJ freq:173.0 ppmi:3.2695136233638937 score
40 hand@V-bartender@N-NSUBJ freq:0 ppmi:5.2141443055579755	hand@V-lancet@N-OBJ freq:0 ppmi:5.059095607827506 zero_score
41 hand@V-bartender@N-NSUBJ freq:0 ppmi:5.2141443055579755	hand@V-drink@N-OBJ freq:55.0 ppmi:2.690476718168904 score
42 shake@V-bartender@N-NSUBJ freq:3.0 ppmi:7.596059820632282	shake@V-flag@N-OBJ freq:6.0 ppmi:0.39209464811540706 score
43 shake@V-bartender@N-NSUBJ freq:3.0 ppmi:7.596059820632282	shake@V-drink@N-OBJ freq:8.0 ppmi:0.8903551919305374 score
44 spread@V-beautician@N-NSUBJ freq:0 ppmi:8.678091609194418	spread@V-paint@N-OBJ freq:15.0 ppmi:2.4314519406511983 score
45 spread@V-beautician@N-NSUBJ freq:0 ppmi:8.678091609194418	spread@V-cream@N-OBJ freq:23.0 ppmi:2.835763960593675 score
46 start@V-biker@N-NSUBJ freq:17.0 ppmi:3.7389983690978994	start@V-lesson@N-OBJ freq:690.0 ppmi:2.3546742611199383 score
47 start@V-biker@N-NSUBJ freq:17.0 ppmi:3.7389983690978994	start@V-motorcycle@N-OBJ freq:26.0 ppmi:0.7460026965333089 score
48 wear@V-biker@N-NSUBJ freq:11.0 ppmi:5.593207636429262	wear@V-swimsuit@N-OBJ freq:176.0 ppmi:8.457764217024483 score
49 wear@V-biker@N-NSUBJ freq:11.0 ppmi:5.593207636429262	wear@V-helmet@N-OBJ freq:4604.0 ppmi:8.428730176854929 score
50 donate@V-billionaire@N-NSUBJ freq:7.0 ppmi:8.128046396875243	donate@V-book@N-OBJ freq:664.0 ppmi:2.8419426558969185 score
51 donate@V-billionaire@N-NSUBJ freq:7.0 ppmi:8.128046396875243	donate@V-money@N-OBJ freq:4137.0 ppmi:5.553286916252173 score
52 collect@V-binman@N-NSUBJ freq:0 ppmi:10.766282659234927	collect@V-flower@N-OBJ freq:155.0 ppmi:2.2690631235315397 score
53 collect@V-binman@N-NSUBJ freq:0 ppmi:10.766282659234927	collect@V-trash@N-OBJ freq:59.0 ppmi:5.349776289677155 score
54 use@V-biologist@N-NSUBJ freq:17.0 ppmi:2.3455349707340956	use@V-razor@N-OBJ freq:173.0 ppmi:3.2695136233638937 score
55 use@V-biologist@N-NSUBJ freq:17.0 ppmi:2.3455349707340956	use@V-microscope@N-OBJ freq:1518.0 ppmi:4.717877411912965 score
56 pour@V-blacksmith@N-NSUBJ freq:0 ppmi:5.393107012993527	pour@V-wine@N-OBJ freq:394.0 ppmi:6.804296214585816 score
57 pour@V-blacksmith@N-NSUBJ freq:0 ppmi:5.393107012993527	pour@V-metal@N-OBJ freq:69.0 ppmi:5.341843935507153 score
58 lift@V-bodybuilder@N-NSUBJ freq:4.0 ppmi:8.006817496935446	lift@V-flag@N-OBJ freq:29.0 ppmi:1.4322424366650843 score
59 lift@V-bodybuilder@N-NSUBJ freq:4.0 ppmi:8.006817496935446	lift@V-weight@N-OBJ freq:1246.0 ppmi:5.8739620707512445 score
60 assign@V-boss@N-NSUBJ freq:26.0 ppmi:5.641517643569487	assign@V-medal@N-OBJ freq:15.0 ppmi:0 score
61 assign@V-boss@N-NSUBJ freq:26.0 ppmi:5.641517643569487	assign@V-job@N-OBJ freq:309.0 ppmi:1.8633555431238866 score
62 promise@V-boss@N-NSUBJ freq:54.0 ppmi:5.39426960099041	promise@V-heaven@N-OBJ freq:28.0 ppmi:4.432942035240987 score
63 promise@V-boss@N-NSUBJ freq:54.0 ppmi:5.39426960099041	promise@V-promotion@N-OBJ freq:62.0 ppmi:2.791285759263556 score
64 examine@V-botanist@N-NSUBJ freq:8.0 ppmi:5.709367998900001	examine@V-tire@N-OBJ freq:0 ppmi:0 score
65 examine@V-botanist@N-NSUBJ freq:8.0 ppmi:5.709367998900001	examine@V-plant@N-OBJ freq:93.0 ppmi:0.38509856417500266 score
66 deliver@V-boxer@N-NSUBJ freq:4.0 ppmi:3.2312025471060326	deliver@V-drink@N-OBJ freq:73.0 ppmi:0.3816847066467119 score
67 deliver@V-boxer@N-NSUBJ freq:4.0 ppmi:3.2312025471060326	deliver@V-punch@N-OBJ freq:305.0 ppmi:4.622229034633039 score
68 sell@V-breeder@N-NSUBJ freq:16.0 ppmi:4.265476219789431	sell@V-cigarette@N-OBJ freq:494.0 ppmi:4.700272273260754 score
69 sell@V-breeder@N-NSUBJ freq:16.0 ppmi:4.265476219789431	sell@V-dog@N-OBJ freq:279.0 ppmi:1.357695590403704 score
70 climb@V-burglar@N-NSUBJ freq:11.0 ppmi:7.377997917792375	climb@V-rock@N-OBJ freq:298.0 ppmi:5.104427629509371 score
71 climb@V-burglar@N-NSUBJ freq:11.0 ppmi:7.377997917792375	climb@V-wall@N-OBJ freq:2010.0 ppmi:7.107908585398022 score
72 read@V-businessman@N-NSUBJ freq:8.0 ppmi:2.428939163033076	read@V-fable@N-OBJ freq:25.0 ppmi:3.5407273067871237 score
73 read@V-businessman@N-NSUBJ freq:8.0 ppmi:2.428939163033076	read@V-report@N-OBJ freq:7949.0 ppmi:3.908454269992017 score
74 tie@V-businessman@N-NSUBJ freq:0 ppmi:2.5399011383198595	tie@V-prisoner@N-OBJ freq:25.0 ppmi:2.007828398303123 score
75 tie@V-businessman@N-NSUBJ freq:0 ppmi:2.5399011383198595	tie@V-necktie@N-OBJ freq:17.0 ppmi:8.791863462040018 score
76 wear@V-businessman@N-NSUBJ freq:5.0 ppmi:2.6476043459959975	wear@V-uniform@N-OBJ freq:8623.0 ppmi:8.590683538722033 score
77 wear@V-businessman@N-NSUBJ freq:5.0 ppmi:2.6476043459959975	wear@V-tie@N-OBJ freq:1750.0 ppmi:5.18241353663668 score
78 carve@V-butcher@N-NSUBJ freq:15.0 ppmi:7.712499905807805	carve@V-stone@N-OBJ freq:287.0 ppmi:6.290928021399325 score
79 carve@V-butcher@N-NSUBJ freq:15.0 ppmi:7.712499905807805	carve@V-meat@N-OBJ freq:57.0 ppmi:5.110863387374813 score
80 cut@V-butcher@N-NSUBJ freq:5.0 ppmi:4.0257196754968225	cut@V-tree@N-OBJ freq:2257.0 ppmi:5.343157840046764 score
81 cut@V-butcher@N-NSUBJ freq:5.0 ppmi:4.0257196754968225	cut@V-meat@N-OBJ freq:223.0 ppmi:3.6883990777073947 score
82 sell@V-butcher@N-NSUBJ freq:18.0 ppmi:4.470547230552849	sell@V-weapon@N-OBJ freq:649.0 ppmi:2.192459707979723 score
83 sell@V-butcher@N-NSUBJ freq:18.0 ppmi:4.470547230552849	sell@V-meat@N-OBJ freq:829.0 ppmi:4.245399869631877 score
84 use@V-butcher@N-NSUBJ freq:6.0 ppmi:1.0462518725913477	use@V-camera@N-OBJ freq:8662.0 ppmi:3.4349456149880138 score
85 use@V-butcher@N-NSUBJ freq:6.0 ppmi:1.0462518725913477	use@V-knife@N-OBJ freq:2131.0 ppmi:3.0464795628004597 score
86 record@V-cameraman@N-NSUBJ freq:4.0 ppmi:4.498279554953134	record@V-sale@N-OBJ freq:492.0 ppmi:2.093089273471306 score
87 record@V-cameraman@N-NSUBJ freq:4.0 ppmi:4.498279554953134	record@V-video@N-OBJ freq:1862.0 ppmi:3.614157408132032 score
88 celebrate@V-candidate@N-NSUBJ freq:10.0 ppmi:1.484495042239804	celebrate@V-holiday@N-OBJ freq:826.0 ppmi:4.5201223350398125 score
89 celebrate@V-candidate@N-NSUBJ freq:10.0 ppmi:1.484495042239804	celebrate@V-victory@N-OBJ freq:2786.0 ppmi:5.4326865390550205 score
90 fix@V-carpenter@N-NSUBJ freq:4.0 ppmi:4.734605240448268	fix@V-shoe@N-OBJ freq:14.0 ppmi:1.635217079735447 score
91 fix@V-carpenter@N-NSUBJ freq:4.0 ppmi:4.734605240448268	fix@V-chair@N-OBJ freq:15.0 ppmi:1.0942749804940246 score
92 flip@V-carpenter@N-NSUBJ freq:0 ppmi:5.151810359267787	flip@V-hair@N-OBJ freq:20.0 ppmi:4.611095550990987 score
93 flip@V-carpenter@N-NSUBJ freq:0 ppmi:5.151810359267787	flip@V-board@N-OBJ freq:29.0 ppmi:4.160192365958703 score
94 grab@V-carpenter@N-NSUBJ freq:0 ppmi:3.4327138890113447	grab@V-ball@N-OBJ freq:265.0 ppmi:3.743758492864989 score
95 grab@V-carpenter@N-NSUBJ freq:0 ppmi:3.4327138890113447	grab@V-board@N-OBJ freq:76.0 ppmi:2.637636570087526 score
96 build@V-carver@N-NSUBJ freq:0 ppmi:1.5191296441001718	build@V-house@N-OBJ freq:20866.0 ppmi:4.756317646934678 score
97 build@V-carver@N-NSUBJ freq:0 ppmi:1.5191296441001718	build@V-sculpture@N-OBJ freq:193.0 ppmi:1.6378687216805936 score
98 chase@V-cat@N-NSUBJ freq:13.0 ppmi:5.451798781286248	chase@V-kite@N-OBJ freq:17.0 ppmi:5.535276592914355 score
99 chase@V-cat@N-NSUBJ freq:13.0 ppmi:5.451798781286248	chase@V-bird@N-OBJ freq:159.0 ppmi:5.172016984147361 score
100 drink@V-cat@N-NSUBJ freq:13.0 ppmi:4.931011549857708	drink@V-coffee@N-OBJ freq:1485.0 ppmi:8.468122834732906 score
101 drink@V-cat@N-NSUBJ freq:13.0 ppmi:4.931011549857708	drink@V-milk@N-OBJ freq:1118.0 ppmi:8.154124456189287 score
102 hold@V-champion@N-NSUBJ freq:14.0 ppmi:1.5870590120394994	hold@V-guitar@N-OBJ freq:172.0 ppmi:0 score
103 hold@V-champion@N-NSUBJ freq:14.0 ppmi:1.5870590120394994	hold@V-cup@N-OBJ freq:816.0 ppmi:1.0285416715726743 score
104 carry@V-chauffeur@N-NSUBJ freq:0 ppmi:3.161255443574488	carry@V-rifle@N-OBJ freq:652.0 ppmi:4.236341164119785 score
105 carry@V-chauffeur@N-NSUBJ freq:0 ppmi:3.161255443574488	carry@V-passenger@N-OBJ freq:9952.0 ppmi:6.411769119371558 score
106 carry@V-cheerleader@N-NSUBJ freq:0 ppmi:3.1804065439193994	carry@V-rifle@N-OBJ freq:652.0 ppmi:4.236341164119785 score
107 carry@V-cheerleader@N-NSUBJ freq:0 ppmi:3.1804065439193994	carry@V-flag@N-OBJ freq:2353.0 ppmi:4.304939079866605 score
108 perform@V-cheerleader@N-NSUBJ freq:4.0 ppmi:4.8384617852859275	perform@V-spell@N-OBJ freq:269.0 ppmi:2.7025571834293793 score
109 perform@V-cheerleader@N-NSUBJ freq:4.0 ppmi:4.8384617852859275	perform@V-dance@N-OBJ freq:3148.0 ppmi:5.826761280179034 score
110 shake@V-cheerleader@N-NSUBJ freq:0 ppmi:6.6899722837925575	shake@V-drink@N-OBJ freq:8.0 ppmi:0.8903551919305374 score
111 shake@V-cheerleader@N-NSUBJ freq:0 ppmi:6.6899722837925575	shake@V-flag@N-OBJ freq:6.0 ppmi:0.39209464811540706 score
112 mix@V-chemist@N-NSUBJ freq:5.0 ppmi:5.4666707082985555	mix@V-music@N-OBJ freq:578.0 ppmi:3.7732678532199344 score
113 mix@V-chemist@N-NSUBJ freq:5.0 ppmi:5.4666707082985555	mix@V-substance@N-OBJ freq:36.0 ppmi:3.4531511762995777 score
114 pour@V-chemist@N-NSUBJ freq:0 ppmi:4.097015160737247	pour@V-juice@N-OBJ freq:143.0 ppmi:7.217159457108991 score
115 pour@V-chemist@N-NSUBJ freq:0 ppmi:4.097015160737247	pour@V-compound@N-OBJ freq:0 ppmi:0.3982666552236839 zero_score
116 sell@V-chemist@N-NSUBJ freq:12.0 ppmi:4.038153599756387	sell@V-dog@N-OBJ freq:279.0 ppmi:1.357695590403704 score
117 sell@V-chemist@N-NSUBJ freq:12.0 ppmi:4.038153599756387	sell@V-drug@N-OBJ freq:1397.0 ppmi:3.6898716792074686 score
118 eat@V-child@N-NSUBJ freq:615.0 ppmi:5.909638591042746	eat@V-bone@N-OBJ freq:119.0 ppmi:3.111874636578154 score
119 eat@V-child@N-NSUBJ freq:615.0 ppmi:5.909638591042746	eat@V-candy@N-OBJ freq:141.0 ppmi:6.221606918419033 score
120 build@V-child@N-NSUBJ freq:265.0 ppmi:2.5577206475032903	build@V-sculpture@N-OBJ freq:193.0 ppmi:1.6378687216805936 score
121 build@V-child@N-NSUBJ freq:265.0 ppmi:2.5577206475032903	build@V-snowman@N-OBJ freq:157.0 ppmi:6.813135851153315 score
122 celebrate@V-child@N-NSUBJ freq:71.0 ppmi:2.448185010466336	celebrate@V-victory@N-OBJ freq:2786.0 ppmi:5.4326865390550205 score
123 celebrate@V-child@N-NSUBJ freq:71.0 ppmi:2.448185010466336	celebrate@V-birthday@N-OBJ freq:10190.0 ppmi:9.423064531137074 score
124 chase@V-child@N-NSUBJ freq:3.0 ppmi:0.7365217999377938	chase@V-thief@N-OBJ freq:84.0 ppmi:7.34346179277515 score
125 chase@V-child@N-NSUBJ freq:3.0 ppmi:0.7365217999377938	chase@V-toy@N-OBJ freq:8.0 ppmi:2.356279839901268 score
126 climb@V-child@N-NSUBJ freq:79.0 ppmi:3.6109063673124755	climb@V-mountain@N-OBJ freq:2728.0 ppmi:8.769925428742871 score
127 climb@V-child@N-NSUBJ freq:79.0 ppmi:3.6109063673124755	climb@V-tree@N-OBJ freq:2073.0 ppmi:7.067057562914382 score
128 cross@V-child@N-NSUBJ freq:106.0 ppmi:2.6889648099590864	cross@V-river@N-OBJ freq:19657.0 ppmi:8.09746818045776 score
129 cross@V-child@N-NSUBJ freq:106.0 ppmi:2.6889648099590864	cross@V-park@N-OBJ freq:367.0 ppmi:2.3905550805228244 score
130 cut@V-child@N-NSUBJ freq:41.0 ppmi:1.4527330562368304	cut@V-tree@N-OBJ freq:2257.0 ppmi:5.343157840046764 score
131 cut@V-child@N-NSUBJ freq:41.0 ppmi:1.4527330562368304	cut@V-paper@N-OBJ freq:199.0 ppmi:1.738958591924338 score
132 drink@V-child@N-NSUBJ freq:169.0 ppmi:5.311658988507789	drink@V-beer@N-OBJ freq:2061.0 ppmi:8.808870395623495 score
133 drink@V-child@N-NSUBJ freq:169.0 ppmi:5.311658988507789	drink@V-coke@N-OBJ freq:204.0 ppmi:8.97527152775599 score
134 draw@V-child@N-NSUBJ freq:251.0 ppmi:3.160750286892945	draw@V-horse@N-OBJ freq:114.0 ppmi:0.8189543817898735 score
135 draw@V-child@N-NSUBJ freq:251.0 ppmi:3.160750286892945	draw@V-flower@N-OBJ freq:99.0 ppmi:1.2659255970586547 score
136 enjoy@V-child@N-NSUBJ freq:618.0 ppmi:4.636925543044729	enjoy@V-lecture@N-OBJ freq:48.0 ppmi:0.7235722809763836 score
137 enjoy@V-child@N-NSUBJ freq:618.0 ppmi:4.636925543044729	enjoy@V-ride@N-OBJ freq:1350.0 ppmi:4.786694052511316 score
138 find@V-child@N-NSUBJ freq:612.0 ppmi:2.7174311521608425	find@V-corpse@N-OBJ freq:667.0 ppmi:3.9636956396689946 score
139 find@V-child@N-NSUBJ freq:612.0 ppmi:2.7174311521608425	find@V-doll@N-OBJ freq:170.0 ppmi:2.030246331469328 score
140 grab@V-child@N-NSUBJ freq:13.0 ppmi:2.0517929974115527	grab@V-tyre@N-OBJ freq:3.0 ppmi:1.9059267013728152 score
141 grab@V-child@N-NSUBJ freq:13.0 ppmi:2.0517929974115527	grab@V-frisbee@N-OBJ freq:0 ppmi:4.640762671074246 score
142 lend@V-child@N-NSUBJ freq:4.0 ppmi:0	lend@V-car@N-OBJ freq:146.0 ppmi:2.3722236906225045 score
143 lend@V-child@N-NSUBJ freq:4.0 ppmi:0	lend@V-pen@N-OBJ freq:27.0 ppmi:3.775349405088645 score
144 open@V-child@N-NSUBJ freq:98.0 ppmi:0.9671172178653953	open@V-congress@N-OBJ freq:64.0 ppmi:0.8857588941820921 score
145 open@V-child@N-NSUBJ freq:98.0 ppmi:0.9671172178653953	open@V-present@N-OBJ freq:265.0 ppmi:4.63813083575727 score
146 pick@V-child@N-NSUBJ freq:156.0 ppmi:3.2828441368580474	pick@V-investment@N-OBJ freq:26.0 ppmi:0 score
147 pick@V-child@N-NSUBJ freq:156.0 ppmi:3.2828441368580474	pick@V-flower@N-OBJ freq:525.0 ppmi:4.237224057754795 score
148 ride@V-child@N-NSUBJ freq:146.0 ppmi:4.298438035673041	ride@V-bull@N-OBJ freq:180.0 ppmi:6.851467916740992 score
149 ride@V-child@N-NSUBJ freq:146.0 ppmi:4.298438035673041	ride@V-bus@N-OBJ freq:536.0 ppmi:5.9594174176440635 score
150 throw@V-child@N-NSUBJ freq:29.0 ppmi:0.6344851941745397	throw@V-bottle@N-OBJ freq:919.0 ppmi:5.632930551063448 score
151 throw@V-child@N-NSUBJ freq:29.0 ppmi:0.6344851941745397	throw@V-ball@N-OBJ freq:3512.0 ppmi:5.493898881257356 score
152 throw@V-child@N-NSUBJ freq:29.0 ppmi:0.6344851941745397	throw@V-spear@N-OBJ freq:416.0 ppmi:7.267956592816954 score
153 throw@V-child@N-NSUBJ freq:29.0 ppmi:0.6344851941745397	throw@V-snowball@N-OBJ freq:178.0 ppmi:9.420719514636723 score
154 tell@V-child@N-NSUBJ freq:221.0 ppmi:1.621767313375158	tell@V-verdict@N-OBJ freq:5.0 ppmi:0 score
155 tell@V-child@N-NSUBJ freq:221.0 ppmi:1.621767313375158	tell@V-lie@N-OBJ freq:2649.0 ppmi:6.643135221002933 score
156 visit@V-child@N-NSUBJ freq:365.0 ppmi:3.6829951823093925	visit@V-president@N-OBJ freq:87.0 ppmi:0 score
157 visit@V-child@N-NSUBJ freq:365.0 ppmi:3.6829951823093925	visit@V-grandmother@N-OBJ freq:262.0 ppmi:5.443458230009382 score
158 visit@V-child@N-NSUBJ freq:365.0 ppmi:3.6829951823093925	visit@V-prisoner@N-OBJ freq:292.0 ppmi:1.7058691237992756 score
159 visit@V-child@N-NSUBJ freq:365.0 ppmi:3.6829951823093925	visit@V-zoo@N-OBJ freq:465.0 ppmi:5.63909635942839 score
160 write@V-child@N-NSUBJ freq:554.0 ppmi:2.2495997396939753	write@V-diagnosis@N-OBJ freq:17.0 ppmi:0 score
161 write@V-child@N-NSUBJ freq:554.0 ppmi:2.2495997396939753	write@V-conjugation@N-OBJ freq:0 ppmi:0 score
162 climb@V-climber@N-NSUBJ freq:58.0 ppmi:8.260570547466395	climb@V-staircase@N-OBJ freq:229.0 ppmi:7.619516388398442 score
163 climb@V-climber@N-NSUBJ freq:58.0 ppmi:8.260570547466395	climb@V-rock@N-OBJ freq:298.0 ppmi:5.104427629509371 score
164 face@V-climber@N-NSUBJ freq:11.0 ppmi:3.948002539093225	face@V-ocean@N-OBJ freq:414.0 ppmi:4.703512847372433 score
165 face@V-climber@N-NSUBJ freq:11.0 ppmi:3.948002539093225	face@V-wall@N-OBJ freq:781.0 ppmi:2.9663954195910325 score
166 use@V-climber@N-NSUBJ freq:33.0 ppmi:3.066262025061854	use@V-blackboard@N-OBJ freq:401.0 ppmi:4.8989471571593795 score
167 use@V-climber@N-NSUBJ freq:33.0 ppmi:3.066262025061854	use@V-rope@N-OBJ freq:1301.0 ppmi:2.658009140417821 score
168 check@V-coach@N-NSUBJ freq:9.0 ppmi:2.8517404893809783	check@V-car@N-OBJ freq:343.0 ppmi:1.0682660525166374 score
169 check@V-coach@N-NSUBJ freq:9.0 ppmi:2.8517404893809783	check@V-team@N-OBJ freq:54.0 ppmi:0 score
170 fix@V-cobbler@N-NSUBJ freq:0 ppmi:7.840804644280192	fix@V-phone@N-OBJ freq:31.0 ppmi:1.4236486115522808 score
171 fix@V-cobbler@N-NSUBJ freq:0 ppmi:7.840804644280192	fix@V-shoe@N-OBJ freq:14.0 ppmi:1.635217079735447 score
172 sew@V-cobbler@N-NSUBJ freq:3.0 ppmi:12.794510080009934	sew@V-parachute@N-OBJ freq:0 ppmi:5.901250130574463 score
173 sew@V-cobbler@N-NSUBJ freq:3.0 ppmi:12.794510080009934	sew@V-shoe@N-OBJ freq:16.0 ppmi:5.742812494473756 score
174 donate@V-collector@N-NSUBJ freq:12.0 ppmi:5.155617684883835	donate@V-blood@N-OBJ freq:933.0 ppmi:6.789850413856741 score
175 donate@V-collector@N-NSUBJ freq:12.0 ppmi:5.155617684883835	donate@V-painting@N-OBJ freq:333.0 ppmi:4.603621100528919 score
176 entertain@V-comedian@N-NSUBJ freq:5.0 ppmi:6.833236916579646	entertain@V-soldier@N-OBJ freq:94.0 ppmi:4.5982380778468155 score
177 entertain@V-comedian@N-NSUBJ freq:5.0 ppmi:6.833236916579646	entertain@V-audience@N-OBJ freq:1059.0 ppmi:7.313869640249036 score
178 decorate@V-confectioner@N-NSUBJ freq:0 ppmi:10.759928799293236	decorate@V-tree@N-OBJ freq:400.0 ppmi:6.205109525968231 score
179 decorate@V-confectioner@N-NSUBJ freq:0 ppmi:10.759928799293236	decorate@V-cake@N-OBJ freq:211.0 ppmi:7.465683058975424 score
180 spread@V-confectioner@N-NSUBJ freq:0 ppmi:8.33860514292275	spread@V-cement@N-OBJ freq:8.0 ppmi:4.049654085988154 score
181 spread@V-confectioner@N-NSUBJ freq:0 ppmi:8.33860514292275	spread@V-icing@N-OBJ freq:5.0 ppmi:5.141985966760229 score
182 buy@V-cook@N-NSUBJ freq:4.0 ppmi:1.3710868052999994	buy@V-ticket@N-OBJ freq:10313.0 ppmi:6.153074026824196 score
183 buy@V-cook@N-NSUBJ freq:4.0 ppmi:1.3710868052999994	buy@V-food@N-OBJ freq:4050.0 ppmi:3.733655606033742 score
184 check@V-cook@N-NSUBJ freq:0 ppmi:0.9791784372294967	check@V-tire@N-OBJ freq:18.0 ppmi:2.100170193661277 score
185 check@V-cook@N-NSUBJ freq:0 ppmi:0.9791784372294967	check@V-grocery@N-OBJ freq:6.0 ppmi:1.9385992155161929 score
186 clean@V-cook@N-NSUBJ freq:3.0 ppmi:4.8518781566995575	clean@V-window@N-OBJ freq:374.0 ppmi:4.848638407500323 score
187 clean@V-cook@N-NSUBJ freq:3.0 ppmi:4.8518781566995575	clean@V-fish@N-OBJ freq:60.0 ppmi:3.0620649976257 score
188 cut@V-cook@N-NSUBJ freq:15.0 ppmi:3.858128388754183	cut@V-grass@N-OBJ freq:1048.0 ppmi:7.0275065302713156 score
189 cut@V-cook@N-NSUBJ freq:15.0 ppmi:3.858128388754183	cut@V-fish@N-OBJ freq:51.0 ppmi:0.545538590621248 score
190 flip@V-cook@N-NSUBJ freq:0 ppmi:4.608196118028588	flip@V-hair@N-OBJ freq:20.0 ppmi:4.611095550990987 score
191 flip@V-cook@N-NSUBJ freq:0 ppmi:4.608196118028588	flip@V-pancake@N-OBJ freq:27.0 ppmi:10.147202429446601 score
192 mix@V-cook@N-NSUBJ freq:3.0 ppmi:3.451365133159643	mix@V-paint@N-OBJ freq:217.0 ppmi:6.685816751725926 score
193 mix@V-cook@N-NSUBJ freq:3.0 ppmi:3.451365133159643	mix@V-ingredient@N-OBJ freq:342.0 ppmi:6.673917717814738 score
194 enjoy@V-cowboy@N-NSUBJ freq:3.0 ppmi:3.7026999962914364	enjoy@V-snack@N-OBJ freq:323.0 ppmi:4.822799201662682 score
195 enjoy@V-cowboy@N-NSUBJ freq:3.0 ppmi:3.7026999962914364	enjoy@V-ride@N-OBJ freq:1350.0 ppmi:4.786694052511316 score
196 ride@V-cowboy@N-NSUBJ freq:58.0 ppmi:9.015846029286193	ride@V-bike@N-OBJ freq:4086.0 ppmi:9.246842091125101 score
197 ride@V-cowboy@N-NSUBJ freq:58.0 ppmi:9.015846029286193	ride@V-bull@N-OBJ freq:180.0 ppmi:6.851467916740992 score
198 load@V-crew@N-NSUBJ freq:16.0 ppmi:4.916124219761242	load@V-stroller@N-OBJ freq:0 ppmi:5.8474798661670935 score
199 load@V-crew@N-NSUBJ freq:16.0 ppmi:4.916124219761242	load@V-container@N-OBJ freq:75.0 ppmi:5.929317070106233 score
200 read@V-customer@N-NSUBJ freq:63.0 ppmi:2.4816776910954954	read@V-music@N-OBJ freq:1810.0 ppmi:1.8048569490560404 score
201 read@V-customer@N-NSUBJ freq:63.0 ppmi:2.4816776910954954	read@V-menu@N-OBJ freq:244.0 ppmi:2.098008799523793 score
202 complete@V-cyclist@N-NSUBJ freq:17.0 ppmi:3.7395918197814404	complete@V-project@N-OBJ freq:8153.0 ppmi:3.839940203844632 score
203 complete@V-cyclist@N-NSUBJ freq:17.0 ppmi:3.7395918197814404	complete@V-race@N-OBJ freq:1880.0 ppmi:2.935500429014 score
204 fix@V-cyclist@N-NSUBJ freq:0 ppmi:3.2506693339983017	fix@V-hair@N-OBJ freq:83.0 ppmi:3.264966597251566 score
205 fix@V-cyclist@N-NSUBJ freq:0 ppmi:3.2506693339983017	fix@V-bike@N-OBJ freq:105.0 ppmi:4.050433771390965 score
206 ride@V-cyclist@N-NSUBJ freq:106.0 ppmi:8.23271025368706	ride@V-skate@N-OBJ freq:7.0 ppmi:4.694155497979102 score
207 ride@V-cyclist@N-NSUBJ freq:106.0 ppmi:8.23271025368706	ride@V-bike@N-OBJ freq:4086.0 ppmi:9.246842091125101 score
208 check@V-dealer@N-NSUBJ freq:18.0 ppmi:4.531226315477918	check@V-net@N-OBJ freq:39.0 ppmi:1.475815539351614 score
209 check@V-dealer@N-NSUBJ freq:18.0 ppmi:4.531226315477918	check@V-car@N-OBJ freq:343.0 ppmi:1.0682660525166374 score
210 examine@V-dealer@N-NSUBJ freq:4.0 ppmi:2.958387987604339	examine@V-plant@N-OBJ freq:93.0 ppmi:0.38509856417500266 score
211 examine@V-dealer@N-NSUBJ freq:4.0 ppmi:2.958387987604339	examine@V-car@N-OBJ freq:74.0 ppmi:0 score
212 sell@V-dealer@N-NSUBJ freq:123.0 ppmi:5.896823997753257	sell@V-meat@N-OBJ freq:829.0 ppmi:4.245399869631877 score
213 sell@V-dealer@N-NSUBJ freq:123.0 ppmi:5.896823997753257	sell@V-car@N-OBJ freq:3655.0 ppmi:3.3777472113953535 score
214 mix@V-deejay@N-NSUBJ freq:0 ppmi:8.12065615273007	mix@V-ingredient@N-OBJ freq:342.0 ppmi:6.673917717814738 score
215 mix@V-deejay@N-NSUBJ freq:0 ppmi:8.12065615273007	mix@V-music@N-OBJ freq:578.0 ppmi:3.7732678532199344 score
216 carry@V-demonstrator@N-NSUBJ freq:6.0 ppmi:2.74959081466161	carry@V-ball@N-OBJ freq:1483.0 ppmi:2.1827368074303224 score
217 carry@V-demonstrator@N-NSUBJ freq:6.0 ppmi:2.74959081466161	carry@V-flag@N-OBJ freq:2353.0 ppmi:4.304939079866605 score
218 sign@V-demonstrator@N-NSUBJ freq:3.0 ppmi:2.0108528339939764	sign@V-shirt@N-OBJ freq:127.0 ppmi:2.515248297593549 score
219 sign@V-demonstrator@N-NSUBJ freq:3.0 ppmi:2.0108528339939764	sign@V-petition@N-OBJ freq:5020.0 ppmi:7.293814314526906 score
220 throw@V-demonstrator@N-NSUBJ freq:5.0 ppmi:3.668173329456452	throw@V-frisbee@N-OBJ freq:71.0 ppmi:7.862525074025808 score
221 throw@V-demonstrator@N-NSUBJ freq:5.0 ppmi:3.668173329456452	throw@V-stone@N-OBJ freq:3022.0 ppmi:6.627468194832 score
222 carry@V-diplomat@N-NSUBJ freq:7.0 ppmi:2.0814183962760437	carry@V-dog@N-OBJ freq:253.0 ppmi:0.7798604603985706 score
223 carry@V-diplomat@N-NSUBJ freq:7.0 ppmi:2.0814183962760437	carry@V-message@N-OBJ freq:2664.0 ppmi:2.336763172272701 score
224 help@V-doctor@N-NSUBJ freq:342.0 ppmi:3.57045436243119	help@V-cook@N-OBJ freq:70.0 ppmi:2.7529304741260567 score
225 help@V-doctor@N-NSUBJ freq:342.0 ppmi:3.57045436243119	help@V-woman@N-OBJ freq:2584.0 ppmi:3.2415304592342773 score
226 offer@V-doctor@N-NSUBJ freq:74.0 ppmi:1.644506559419907	offer@V-breakfast@N-OBJ freq:1052.0 ppmi:3.1986449375473787 score
227 offer@V-doctor@N-NSUBJ freq:74.0 ppmi:1.644506559419907	offer@V-support@N-OBJ freq:26169.0 ppmi:3.3088346980777037 score
228 sew@V-doctor@N-NSUBJ freq:7.0 ppmi:6.489318975791401	sew@V-shoe@N-OBJ freq:16.0 ppmi:5.742812494473756 score
229 sew@V-doctor@N-NSUBJ freq:7.0 ppmi:6.489318975791401	sew@V-wound@N-OBJ freq:24.0 ppmi:6.757298641534667 score
230 use@V-doctor@N-NSUBJ freq:222.0 ppmi:2.4874957237323754	use@V-shovel@N-OBJ freq:322.0 ppmi:3.9148342542251937 score
231 use@V-doctor@N-NSUBJ freq:222.0 ppmi:2.4874957237323754	use@V-stethoscope@N-OBJ freq:132.0 ppmi:4.634165072456163 score
232 visit@V-doctor@N-NSUBJ freq:77.0 ppmi:3.292925058631192	visit@V-museum@N-OBJ freq:5293.0 ppmi:5.586629691566948 score
233 visit@V-doctor@N-NSUBJ freq:77.0 ppmi:3.292925058631192	visit@V-patient@N-OBJ freq:743.0 ppmi:2.14938533634263 score
234 write@V-doctor@N-NSUBJ freq:75.0 ppmi:1.2232305886532786	write@V-conjugation@N-OBJ freq:0 ppmi:0 score
235 write@V-doctor@N-NSUBJ freq:75.0 ppmi:1.2232305886532786	write@V-diagnosis@N-OBJ freq:17.0 ppmi:0 score
236 eat@V-dog@N-NSUBJ freq:77.0 ppmi:5.5833136902227665	eat@V-plant@N-OBJ freq:1041.0 ppmi:4.212822700325662 score
237 eat@V-dog@N-NSUBJ freq:77.0 ppmi:5.5833136902227665	eat@V-bone@N-OBJ freq:119.0 ppmi:3.111874636578154 score
238 carry@V-dog@N-NSUBJ freq:32.0 ppmi:2.295545162453102	carry@V-flag@N-OBJ freq:2353.0 ppmi:4.304939079866605 score
239 carry@V-dog@N-NSUBJ freq:32.0 ppmi:2.295545162453102	carry@V-ball@N-OBJ freq:1483.0 ppmi:2.1827368074303224 score
240 catch@V-dog@N-NSUBJ freq:31.0 ppmi:3.74876229325561	catch@V-wave@N-OBJ freq:512.0 ppmi:4.967861291656024 score
241 catch@V-dog@N-NSUBJ freq:31.0 ppmi:3.74876229325561	catch@V-ball@N-OBJ freq:2198.0 ppmi:4.995497720560829 score
242 chase@V-dog@N-NSUBJ freq:58.0 ppmi:6.960505330811285	chase@V-tank@N-OBJ freq:3.0 ppmi:0.5398391847538137 score
243 chase@V-dog@N-NSUBJ freq:58.0 ppmi:6.960505330811285	chase@V-ball@N-OBJ freq:605.0 ppmi:5.559468749565044 score
244 dig@V-dog@N-NSUBJ freq:7.0 ppmi:4.455104749497892	dig@V-grave@N-OBJ freq:893.0 ppmi:9.835687457502127 score
245 dig@V-dog@N-NSUBJ freq:7.0 ppmi:4.455104749497892	dig@V-hole@N-OBJ freq:1588.0 ppmi:8.972673289831091 score
246 fetch@V-dog@N-NSUBJ freq:16.0 ppmi:6.693334633887713	fetch@V-tray@N-OBJ freq:0 ppmi:3.306063295994873 score
247 fetch@V-dog@N-NSUBJ freq:16.0 ppmi:6.693334633887713	fetch@V-ball@N-OBJ freq:63.0 ppmi:3.708222298238821 score
248 pull@V-dog@N-NSUBJ freq:33.0 ppmi:3.976877636371589	pull@V-trigger@N-OBJ freq:1734.0 ppmi:9.6702277051947 score
249 pull@V-dog@N-NSUBJ freq:33.0 ppmi:3.976877636371589	pull@V-sled@N-OBJ freq:120.0 ppmi:8.46644213546793 score
250 hear@V-driver@N-NSUBJ freq:12.0 ppmi:1.6039705744359645	hear@V-baby@N-OBJ freq:124.0 ppmi:1.3904174187010303 score
251 hear@V-driver@N-NSUBJ freq:12.0 ppmi:1.6039705744359645	hear@V-horn@N-OBJ freq:118.0 ppmi:3.4397066791416453 score
252 check@V-electrician@N-NSUBJ freq:4.0 ppmi:5.9868320097729315	check@V-rifle@N-OBJ freq:6.0 ppmi:0 score
253 check@V-electrician@N-NSUBJ freq:4.0 ppmi:5.9868320097729315	check@V-device@N-OBJ freq:83.0 ppmi:0.4588503329609073 score
254 pass@V-employee@N-NSUBJ freq:22.0 ppmi:1.201778417297692	pass@V-rifle@N-OBJ freq:10.0 ppmi:0 score
255 pass@V-employee@N-NSUBJ freq:22.0 ppmi:1.201778417297692	pass@V-report@N-OBJ freq:201.0 ppmi:0 score
256 offer@V-employer@N-NSUBJ freq:395.0 ppmi:3.8861888144715477	offer@V-candy@N-OBJ freq:51.0 ppmi:1.5479542358561296 score
257 offer@V-employer@N-NSUBJ freq:395.0 ppmi:3.8861888144715477	offer@V-job@N-OBJ freq:7592.0 ppmi:2.104153853335541 score
258 complete@V-engineer@N-NSUBJ freq:39.0 ppmi:3.147373849381298	complete@V-painting@N-OBJ freq:585.0 ppmi:2.306915628652352 score
259 complete@V-engineer@N-NSUBJ freq:39.0 ppmi:3.147373849381298	complete@V-project@N-OBJ freq:8153.0 ppmi:3.839940203844632 score
260 draw@V-engineer@N-NSUBJ freq:23.0 ppmi:2.50860852187822	draw@V-flower@N-OBJ freq:99.0 ppmi:1.2659255970586547 score
261 draw@V-engineer@N-NSUBJ freq:23.0 ppmi:2.50860852187822	draw@V-turbine@N-OBJ freq:0 ppmi:0 score
262 pick@V-farmer@N-NSUBJ freq:9.0 ppmi:1.7448804907615925	pick@V-killer@N-OBJ freq:10.0 ppmi:0.9877214475965154 score
263 pick@V-farmer@N-NSUBJ freq:9.0 ppmi:1.7448804907615925	pick@V-vegetable@N-OBJ freq:96.0 ppmi:3.001032908490578 score
264 plow@V-farmer@N-NSUBJ freq:3.0 ppmi:6.528630686776275	plow@V-sand@N-OBJ freq:0 ppmi:5.6873785488330455 score
265 plow@V-farmer@N-NSUBJ freq:3.0 ppmi:6.528630686776275	plow@V-field@N-OBJ freq:203.0 ppmi:8.718953079580679 score
266 sell@V-farmer@N-NSUBJ freq:387.0 ppmi:5.866734512190543	sell@V-drug@N-OBJ freq:1397.0 ppmi:3.6898716792074686 score
267 sell@V-farmer@N-NSUBJ freq:387.0 ppmi:5.866734512190543	sell@V-corn@N-OBJ freq:113.0 ppmi:3.2756090433461473 score
268 spray@V-farmer@N-NSUBJ freq:13.0 ppmi:7.63871316977147	spray@V-cream@N-OBJ freq:0 ppmi:3.3258369476407785 score
269 spray@V-farmer@N-NSUBJ freq:13.0 ppmi:7.63871316977147	spray@V-pesticide@N-OBJ freq:48.0 ppmi:10.236252331322923 score
270 use@V-farmer@N-NSUBJ freq:344.0 ppmi:3.5953691317669376	use@V-computer@N-OBJ freq:15838.0 ppmi:3.793391987230045 score
271 use@V-farmer@N-NSUBJ freq:344.0 ppmi:3.5953691317669376	use@V-shovel@N-OBJ freq:322.0 ppmi:3.9148342542251937 score
272 kick@V-fighter@N-NSUBJ freq:12.0 ppmi:4.22625365751467	kick@V-television@N-OBJ freq:13.0 ppmi:1.8280620570569437 score
273 kick@V-fighter@N-NSUBJ freq:12.0 ppmi:4.22625365751467	kick@V-opponent@N-OBJ freq:105.0 ppmi:4.023279228809271 score
274 fight@V-firefighter@N-NSUBJ freq:25.0 ppmi:5.191856872168882	fight@V-crime@N-OBJ freq:2208.0 ppmi:5.89754173749344 score
275 fight@V-firefighter@N-NSUBJ freq:25.0 ppmi:5.191856872168882	fight@V-fire@N-OBJ freq:2302.0 ppmi:5.2864196666313195 score
276 catch@V-fisherman@N-NSUBJ freq:79.0 ppmi:6.738988342051359	catch@V-ball@N-OBJ freq:2198.0 ppmi:4.995497720560829 score
277 catch@V-fisherman@N-NSUBJ freq:79.0 ppmi:6.738988342051359	catch@V-fish@N-OBJ freq:4738.0 ppmi:7.508324869978393 score
278 check@V-fisherman@N-NSUBJ freq:3.0 ppmi:2.890700481569661	check@V-car@N-OBJ freq:343.0 ppmi:1.0682660525166374 score
279 check@V-fisherman@N-NSUBJ freq:3.0 ppmi:2.890700481569661	check@V-net@N-OBJ freq:39.0 ppmi:1.475815539351614 score
280 sell@V-fisherman@N-NSUBJ freq:8.0 ppmi:2.612441974070276	sell@V-drug@N-OBJ freq:1397.0 ppmi:3.6898716792074686 score
281 sell@V-fisherman@N-NSUBJ freq:8.0 ppmi:2.612441974070276	sell@V-fish@N-OBJ freq:747.0 ppmi:3.038517360887975 score
282 sell@V-florist@N-NSUBJ freq:7.0 ppmi:5.731580949558052	sell@V-bike@N-OBJ freq:400.0 ppmi:2.8035343202698466 score
283 sell@V-florist@N-NSUBJ freq:7.0 ppmi:5.731580949558052	sell@V-flower@N-OBJ freq:375.0 ppmi:2.3933742271983656 score
284 chase@V-footballer@N-NSUBJ freq:0 ppmi:4.481710248309955	chase@V-toy@N-OBJ freq:8.0 ppmi:2.356279839901268 score
285 chase@V-footballer@N-NSUBJ freq:0 ppmi:4.481710248309955	chase@V-ball@N-OBJ freq:605.0 ppmi:5.559468749565044 score
286 deliver@V-footballer@N-NSUBJ freq:0 ppmi:1.5375864766701453	deliver@V-lecture@N-OBJ freq:3138.0 ppmi:6.881011739641188 score
287 deliver@V-footballer@N-NSUBJ freq:0 ppmi:1.5375864766701453	deliver@V-kick@N-OBJ freq:149.0 ppmi:2.873779531251433 score
288 hit@V-footballer@N-NSUBJ freq:3.0 ppmi:2.4889513972989286	hit@V-car@N-OBJ freq:730.0 ppmi:2.271859556715877 score
289 hit@V-footballer@N-NSUBJ freq:3.0 ppmi:2.4889513972989286	hit@V-ball@N-OBJ freq:4579.0 ppmi:5.460556104281117 score
290 kick@V-footballer@N-NSUBJ freq:3.0 ppmi:4.161842498666858	kick@V-vase@N-OBJ freq:0 ppmi:2.1083864833470902 score
291 kick@V-footballer@N-NSUBJ freq:3.0 ppmi:4.161842498666858	kick@V-ball@N-OBJ freq:2821.0 ppmi:6.882070524017615 score
292 pass@V-footballer@N-NSUBJ freq:0 ppmi:0.7910800375460476	pass@V-knife@N-OBJ freq:17.0 ppmi:0 score
293 pass@V-footballer@N-NSUBJ freq:0 ppmi:0.7910800375460476	pass@V-ball@N-OBJ freq:2375.0 ppmi:3.985798658969877 score
294 cut@V-gardener@N-NSUBJ freq:14.0 ppmi:5.090833184526768	cut@V-fish@N-OBJ freq:51.0 ppmi:0.545538590621248 score
295 cut@V-gardener@N-NSUBJ freq:14.0 ppmi:5.090833184526768	cut@V-grass@N-OBJ freq:1048.0 ppmi:7.0275065302713156 score
296 decorate@V-gardener@N-NSUBJ freq:4.0 ppmi:6.941535605783184	decorate@V-book@N-OBJ freq:35.0 ppmi:0.29688943397494144 score
297 decorate@V-gardener@N-NSUBJ freq:4.0 ppmi:6.941535605783184	decorate@V-garden@N-OBJ freq:103.0 ppmi:4.541644638406339 score
298 gather@V-gardener@N-NSUBJ freq:5.0 ppmi:4.636462622716145	gather@V-flag@N-OBJ freq:8.0 ppmi:0 score
299 gather@V-gardener@N-NSUBJ freq:5.0 ppmi:4.636462622716145	gather@V-grass@N-OBJ freq:34.0 ppmi:3.277281545531633 score
300 push@V-gardener@N-NSUBJ freq:0 ppmi:2.5385276062448594	push@V-demonstrator@N-OBJ freq:7.0 ppmi:3.4060681885299733 score
301 push@V-gardener@N-NSUBJ freq:0 ppmi:2.5385276062448594	push@V-mower@N-OBJ freq:31.0 ppmi:6.182864376912389 score
302 gather@V-general@N-NSUBJ freq:5.0 ppmi:2.6349514436559365	gather@V-bread@N-OBJ freq:12.0 ppmi:1.3308025219157826 score
303 gather@V-general@N-NSUBJ freq:5.0 ppmi:2.6349514436559365	gather@V-soldier@N-OBJ freq:144.0 ppmi:3.0979499500630197 score
304 send@V-general@N-NSUBJ freq:25.0 ppmi:2.2500372397594517	send@V-postcard@N-OBJ freq:1195.0 ppmi:6.342283244152269 score
305 send@V-general@N-NSUBJ freq:25.0 ppmi:2.2500372397594517	send@V-soldier@N-OBJ freq:1279.0 ppmi:3.363845203369621 score
306 win@V-general@N-NSUBJ freq:10.0 ppmi:0	win@V-toy@N-OBJ freq:120.0 ppmi:0 score
307 win@V-general@N-NSUBJ freq:10.0 ppmi:0	win@V-battle@N-OBJ freq:8465.0 ppmi:4.229052381844102 score
308 catch@V-goalkeeper@N-NSUBJ freq:16.0 ppmi:5.901466879154971	catch@V-fish@N-OBJ freq:4738.0 ppmi:7.508324869978393 score
309 catch@V-goalkeeper@N-NSUBJ freq:16.0 ppmi:5.901466879154971	catch@V-ball@N-OBJ freq:2198.0 ppmi:4.995497720560829 score
310 grab@V-goalkeeper@N-NSUBJ freq:3.0 ppmi:6.133025230658235	grab@V-phone@N-OBJ freq:143.0 ppmi:4.001490149102038 score
311 grab@V-goalkeeper@N-NSUBJ freq:3.0 ppmi:6.133025230658235	grab@V-ball@N-OBJ freq:265.0 ppmi:3.743758492864989 score
312 hold@V-goalkeeper@N-NSUBJ freq:7.0 ppmi:2.60303264824724	hold@V-child@N-OBJ freq:824.0 ppmi:0 score
313 hold@V-goalkeeper@N-NSUBJ freq:7.0 ppmi:2.60303264824724	hold@V-ball@N-OBJ freq:2057.0 ppmi:2.1174690274181875 score
314 throw@V-goalkeeper@N-NSUBJ freq:3.0 ppmi:3.668411712642865	throw@V-bomb@N-OBJ freq:926.0 ppmi:5.575526481148904 score
315 throw@V-goalkeeper@N-NSUBJ freq:3.0 ppmi:3.668411712642865	throw@V-ball@N-OBJ freq:3512.0 ppmi:5.493898881257356 score
316 offer@V-government@N-NSUBJ freq:329.0 ppmi:1.4719108933923273	offer@V-drink@N-OBJ freq:1212.0 ppmi:2.3151244636670585 score
317 offer@V-government@N-NSUBJ freq:329.0 ppmi:1.4719108933923273	offer@V-protection@N-OBJ freq:6489.0 ppmi:3.5536162629533328 score
318 tell@V-grandfather@N-NSUBJ freq:13.0 ppmi:1.5829073006405752	tell@V-strategy@N-OBJ freq:23.0 ppmi:0 score
319 tell@V-grandfather@N-NSUBJ freq:13.0 ppmi:1.5829073006405752	tell@V-story@N-OBJ freq:67877.0 ppmi:6.623823171163526 score
320 open@V-guard@N-NSUBJ freq:42.0 ppmi:2.842802801214765	open@V-present@N-OBJ freq:265.0 ppmi:4.63813083575727 score
321 open@V-guard@N-NSUBJ freq:42.0 ppmi:2.842802801214765	open@V-jail@N-OBJ freq:25.0 ppmi:2.197867312061916 score
322 tie@V-guard@N-NSUBJ freq:8.0 ppmi:3.852893554761895	tie@V-roast@N-OBJ freq:0 ppmi:3.7755273067793453 score
323 tie@V-guard@N-NSUBJ freq:8.0 ppmi:3.852893554761895	tie@V-prisoner@N-OBJ freq:25.0 ppmi:2.007828398303123 score
324 hold@V-guest@N-NSUBJ freq:16.0 ppmi:0.3076308478700652	hold@V-camera@N-OBJ freq:507.0 ppmi:1.3990172656774458 score
325 hold@V-guest@N-NSUBJ freq:16.0 ppmi:0.3076308478700652	hold@V-drink@N-OBJ freq:140.0 ppmi:0 score
326 hang@V-guest@N-NSUBJ freq:11.0 ppmi:3.046815377326443	hang@V-laundry@N-OBJ freq:59.0 ppmi:7.576702906304003 score
327 hang@V-guest@N-NSUBJ freq:11.0 ppmi:3.046815377326443	hang@V-coat@N-OBJ freq:194.0 ppmi:6.312065784923159 score
328 describe@V-guide@N-NSUBJ freq:20.0 ppmi:0.7175351130632928	describe@V-software@N-OBJ freq:199.0 ppmi:0 score
329 describe@V-guide@N-NSUBJ freq:20.0 ppmi:0.7175351130632928	describe@V-monument@N-OBJ freq:118.0 ppmi:1.5416792845054987 score
330 fix@V-hairstylist@N-NSUBJ freq:0 ppmi:9.306468216629005	fix@V-bike@N-OBJ freq:105.0 ppmi:4.050433771390965 score
331 fix@V-hairstylist@N-NSUBJ freq:0 ppmi:9.306468216629005	fix@V-hair@N-OBJ freq:83.0 ppmi:3.264966597251566 score
332 flip@V-hairstylist@N-NSUBJ freq:0 ppmi:11.30863583616968	flip@V-board@N-OBJ freq:29.0 ppmi:4.160192365958703 score
333 flip@V-hairstylist@N-NSUBJ freq:0 ppmi:11.30863583616968	flip@V-hair@N-OBJ freq:20.0 ppmi:4.611095550990987 score
334 spray@V-hairstylist@N-NSUBJ freq:0 ppmi:12.870074054829804	spray@V-pesticide@N-OBJ freq:48.0 ppmi:10.236252331322923 score
335 spray@V-hairstylist@N-NSUBJ freq:0 ppmi:12.870074054829804	spray@V-foam@N-OBJ freq:9.0 ppmi:8.454309413799242 score
336 wash@V-hairstylist@N-NSUBJ freq:0 ppmi:9.77629787821178	wash@V-infant@N-OBJ freq:4.0 ppmi:2.9983123094433326 score
337 wash@V-hairstylist@N-NSUBJ freq:0 ppmi:9.77629787821178	wash@V-hair@N-OBJ freq:729.0 ppmi:6.66817789046746 score
338 face@V-hiker@N-NSUBJ freq:4.0 ppmi:4.372537000331461	face@V-camera@N-OBJ freq:392.0 ppmi:2.3984864321328283 score
339 face@V-hiker@N-NSUBJ freq:4.0 ppmi:4.372537000331461	face@V-mountain@N-OBJ freq:151.0 ppmi:1.8326609623358057 score
340 draw@V-horse@N-NSUBJ freq:29.0 ppmi:2.995927623408183	draw@V-trailer@N-OBJ freq:49.0 ppmi:2.16959774841395 score
341 draw@V-horse@N-NSUBJ freq:29.0 ppmi:2.995927623408183	draw@V-carriage@N-OBJ freq:83.0 ppmi:3.094015966119912 score
342 move@V-horse@N-NSUBJ freq:95.0 ppmi:3.2176777440536504	move@V-suitcase@N-OBJ freq:10.0 ppmi:2.0942883864297204 score
343 move@V-horse@N-NSUBJ freq:95.0 ppmi:3.2176777440536504	move@V-cart@N-OBJ freq:35.0 ppmi:2.610743475291999 score
344 pull@V-horse@N-NSUBJ freq:131.0 ppmi:6.127830625598149	pull@V-suitcase@N-OBJ freq:17.0 ppmi:4.119213408509312 score
345 pull@V-horse@N-NSUBJ freq:131.0 ppmi:6.127830625598149	pull@V-cart@N-OBJ freq:400.0 ppmi:7.41430181019914 score
346 explain@V-hostess@N-NSUBJ freq:4.0 ppmi:4.636364526058999	explain@V-poem@N-OBJ freq:29.0 ppmi:0 score
347 explain@V-hostess@N-NSUBJ freq:4.0 ppmi:4.636364526058999	explain@V-procedure@N-OBJ freq:1280.0 ppmi:4.0854968169933565 score
348 fetch@V-hound@N-NSUBJ freq:0 ppmi:6.883189579756084	fetch@V-money@N-OBJ freq:69.0 ppmi:2.234150695107559 score
349 fetch@V-hound@N-NSUBJ freq:0 ppmi:6.883189579756084	fetch@V-bird@N-OBJ freq:5.0 ppmi:2.020393469991353 score
350 clean@V-housemaid@N-NSUBJ freq:4.0 ppmi:11.177922360059153	clean@V-fish@N-OBJ freq:60.0 ppmi:3.0620649976257 score
351 clean@V-housemaid@N-NSUBJ freq:4.0 ppmi:11.177922360059153	clean@V-dish@N-OBJ freq:57.0 ppmi:4.365300050356997 score
352 clean@V-housemaid@N-NSUBJ freq:4.0 ppmi:11.177922360059153	clean@V-street@N-OBJ freq:385.0 ppmi:5.196427979007292 score
353 clean@V-housemaid@N-NSUBJ freq:4.0 ppmi:11.177922360059153	clean@V-window@N-OBJ freq:374.0 ppmi:4.848638407500323 score
354 mop@V-housemaid@N-NSUBJ freq:0 ppmi:14.290115748198883	mop@V-barrack@N-OBJ freq:0 ppmi:13.29421890688936 zero_score
355 mop@V-housemaid@N-NSUBJ freq:0 ppmi:14.290115748198883	mop@V-floor@N-OBJ freq:214.0 ppmi:9.39213755776536 score
356 wash@V-housemaid@N-NSUBJ freq:3.0 ppmi:10.46079605248385	wash@V-boat@N-OBJ freq:59.0 ppmi:2.584654945244977 score
357 wash@V-housemaid@N-NSUBJ freq:3.0 ppmi:10.46079605248385	wash@V-floor@N-OBJ freq:123.0 ppmi:4.131187155329072 score
358 clean@V-housewife@N-NSUBJ freq:4.0 ppmi:7.706495979147051	clean@V-shoe@N-OBJ freq:93.0 ppmi:4.666761766977095 score
359 clean@V-housewife@N-NSUBJ freq:4.0 ppmi:7.706495979147051	clean@V-table@N-OBJ freq:66.0 ppmi:2.5972459835819586 score
360 perform@V-illusionist@N-NSUBJ freq:7.0 ppmi:7.858956489401305	perform@V-surgery@N-OBJ freq:2332.0 ppmi:5.107617877118543 score
361 perform@V-illusionist@N-NSUBJ freq:7.0 ppmi:7.858956489401305	perform@V-trick@N-OBJ freq:1784.0 ppmi:5.41206680811958 score
362 decorate@V-illustrator@N-NSUBJ freq:0 ppmi:6.846846369970449	decorate@V-garden@N-OBJ freq:103.0 ppmi:4.541644638406339 score
363 decorate@V-illustrator@N-NSUBJ freq:0 ppmi:6.846846369970449	decorate@V-book@N-OBJ freq:35.0 ppmi:0.29688943397494144 score
364 draw@V-illustrator@N-NSUBJ freq:18.0 ppmi:6.054322954986455	draw@V-carriage@N-OBJ freq:83.0 ppmi:3.094015966119912 score
365 draw@V-illustrator@N-NSUBJ freq:18.0 ppmi:6.054322954986455	draw@V-picture@N-OBJ freq:2988.0 ppmi:4.146829061836016 score
366 rent@V-investor@N-NSUBJ freq:8.0 ppmi:5.076291404834867	rent@V-bicycle@N-OBJ freq:82.0 ppmi:5.998929620770399 score
367 rent@V-investor@N-NSUBJ freq:8.0 ppmi:5.076291404834867	rent@V-land@N-OBJ freq:503.0 ppmi:4.472902871286396 score
368 ride@V-jockey@N-NSUBJ freq:25.0 ppmi:7.705456225605238	ride@V-wave@N-OBJ freq:1228.0 ppmi:7.515901250021762 score
369 ride@V-jockey@N-NSUBJ freq:25.0 ppmi:7.705456225605238	ride@V-horse@N-OBJ freq:4175.0 ppmi:8.313644195544496 score
370 carry@V-journalist@N-NSUBJ freq:18.0 ppmi:1.9627958301999808	carry@V-milk@N-OBJ freq:75.0 ppmi:0.6588188261676355 score
371 carry@V-journalist@N-NSUBJ freq:18.0 ppmi:1.9627958301999808	carry@V-article@N-OBJ freq:1292.0 ppmi:1.3380645892577394 score
372 write@V-journalist@N-NSUBJ freq:121.0 ppmi:3.1449796165718995	write@V-song@N-OBJ freq:37013.0 ppmi:4.9020993932020875 score
373 write@V-journalist@N-NSUBJ freq:121.0 ppmi:3.1449796165718995	write@V-article@N-OBJ freq:29173.0 ppmi:5.375962752769247 score
374 pull@V-killer@N-NSUBJ freq:9.0 ppmi:4.006442768189863	pull@V-cart@N-OBJ freq:400.0 ppmi:7.41430181019914 score
375 pull@V-killer@N-NSUBJ freq:9.0 ppmi:4.006442768189863	pull@V-trigger@N-OBJ freq:1734.0 ppmi:9.6702277051947 score
376 hold@V-knight@N-NSUBJ freq:4.0 ppmi:0	hold@V-camera@N-OBJ freq:507.0 ppmi:1.3990172656774458 score
377 hold@V-knight@N-NSUBJ freq:4.0 ppmi:0	hold@V-sword@N-OBJ freq:881.0 ppmi:3.4444301710216325 score
378 climb@V-librarian@N-NSUBJ freq:0 ppmi:3.04551482558305	climb@V-tree@N-OBJ freq:2073.0 ppmi:7.067057562914382 score
379 climb@V-librarian@N-NSUBJ freq:0 ppmi:3.04551482558305	climb@V-ladder@N-OBJ freq:2316.0 ppmi:9.959389330656089 score
380 stack@V-librarian@N-NSUBJ freq:0 ppmi:4.294257542907165	stack@V-supply@N-OBJ freq:0 ppmi:0.21411786786571121 zero_score
381 stack@V-librarian@N-NSUBJ freq:0 ppmi:4.294257542907165	stack@V-book@N-OBJ freq:20.0 ppmi:0.6128412532737539 score
382 cut@V-lumberjack@N-NSUBJ freq:11.0 ppmi:10.082735716828171	cut@V-meat@N-OBJ freq:223.0 ppmi:3.6883990777073947 score
383 cut@V-lumberjack@N-NSUBJ freq:11.0 ppmi:10.082735716828171	cut@V-tree@N-OBJ freq:2257.0 ppmi:5.343157840046764 score
384 stack@V-lumberjack@N-NSUBJ freq:0 ppmi:9.875626778904314	stack@V-book@N-OBJ freq:20.0 ppmi:0.6128412532737539 score
385 stack@V-lumberjack@N-NSUBJ freq:0 ppmi:9.875626778904314	stack@V-wood@N-OBJ freq:15.0 ppmi:4.1728345773897635 score
386 use@V-lumberjack@N-NSUBJ freq:6.0 ppmi:6.210183117839209	use@V-lancet@N-OBJ freq:26.0 ppmi:2.6985079989968503 score
387 use@V-lumberjack@N-NSUBJ freq:6.0 ppmi:6.210183117839209	use@V-saw@N-OBJ freq:491.0 ppmi:3.6201698752837306 score
388 read@V-magician@N-NSUBJ freq:16.0 ppmi:3.978755433087094	read@V-newspaper@N-OBJ freq:3002.0 ppmi:5.174401801470601 score
389 read@V-magician@N-NSUBJ freq:16.0 ppmi:3.978755433087094	read@V-hand@N-OBJ freq:116.0 ppmi:0 score
390 rent@V-manager@N-NSUBJ freq:6.0 ppmi:3.3942730645113723	rent@V-kayak@N-OBJ freq:53.0 ppmi:8.537145635470674 score
391 rent@V-manager@N-NSUBJ freq:6.0 ppmi:3.3942730645113723	rent@V-room@N-OBJ freq:2088.0 ppmi:6.345330179047477 score
392 build@V-mason@N-NSUBJ freq:22.0 ppmi:2.950754828548465	build@V-snowman@N-OBJ freq:157.0 ppmi:6.813135851153315 score
393 build@V-mason@N-NSUBJ freq:22.0 ppmi:2.950754828548465	build@V-house@N-OBJ freq:20866.0 ppmi:4.756317646934678 score
394 fix@V-mason@N-NSUBJ freq:3.0 ppmi:4.052526959417736	fix@V-bike@N-OBJ freq:105.0 ppmi:4.050433771390965 score
395 fix@V-mason@N-NSUBJ freq:3.0 ppmi:4.052526959417736	fix@V-roof@N-OBJ freq:178.0 ppmi:4.790404784564212 score
396 fix@V-mason@N-NSUBJ freq:3.0 ppmi:4.052526959417736	fix@V-tire@N-OBJ freq:42.0 ppmi:5.2976466725129905 score
397 fix@V-mason@N-NSUBJ freq:3.0 ppmi:4.052526959417736	fix@V-wall@N-OBJ freq:34.0 ppmi:1.285507812165829 score
398 mix@V-mason@N-NSUBJ freq:3.0 ppmi:3.5759354992021035	mix@V-soup@N-OBJ freq:3.0 ppmi:2.4422400187892213 score
399 mix@V-mason@N-NSUBJ freq:3.0 ppmi:3.5759354992021035	mix@V-cement@N-OBJ freq:71.0 ppmi:7.484591142704703 score
400 assemble@V-mechanic@N-NSUBJ freq:0 ppmi:3.970629533268744	assemble@V-art@N-OBJ freq:14.0 ppmi:0.28999361861029554 score
401 assemble@V-mechanic@N-NSUBJ freq:0 ppmi:3.970629533268744	assemble@V-bicycle@N-OBJ freq:23.0 ppmi:4.526410736170661 score
402 check@V-mechanic@N-NSUBJ freq:7.0 ppmi:4.177117814841406	check@V-grocery@N-OBJ freq:6.0 ppmi:1.9385992155161929 score
403 check@V-mechanic@N-NSUBJ freq:7.0 ppmi:4.177117814841406	check@V-tire@N-OBJ freq:18.0 ppmi:2.100170193661277 score
404 fix@V-mechanic@N-NSUBJ freq:19.0 ppmi:7.026360297436269	fix@V-roof@N-OBJ freq:178.0 ppmi:4.790404784564212 score
405 fix@V-mechanic@N-NSUBJ freq:19.0 ppmi:7.026360297436269	fix@V-tire@N-OBJ freq:42.0 ppmi:5.2976466725129905 score
406 rent@V-mechanic@N-NSUBJ freq:0 ppmi:4.396404325310032	rent@V-boat@N-OBJ freq:240.0 ppmi:4.885008203377258 score
407 rent@V-mechanic@N-NSUBJ freq:0 ppmi:4.396404325310032	rent@V-truck@N-OBJ freq:80.0 ppmi:5.018710025777316 score
408 spread@V-mechanic@N-NSUBJ freq:0 ppmi:2.643096187838213	spread@V-chocolate@N-OBJ freq:11.0 ppmi:2.564376830643342 score
409 spread@V-mechanic@N-NSUBJ freq:0 ppmi:2.643096187838213	spread@V-coating@N-OBJ freq:5.0 ppmi:2.376085471874343 score
410 carry@V-milkman@N-NSUBJ freq:0 ppmi:4.297491221161221	carry@V-flag@N-OBJ freq:2353.0 ppmi:4.304939079866605 score
411 carry@V-milkman@N-NSUBJ freq:0 ppmi:4.297491221161221	carry@V-bottle@N-OBJ freq:394.0 ppmi:2.3467190115449363 score
412 face@V-model@N-NSUBJ freq:10.0 ppmi:0.5673812207251844	face@V-mountain@N-OBJ freq:151.0 ppmi:1.8326609623358057 score
413 face@V-model@N-NSUBJ freq:10.0 ppmi:0.5673812207251844	face@V-camera@N-OBJ freq:392.0 ppmi:2.3984864321328283 score
414 grab@V-monkey@N-NSUBJ freq:9.0 ppmi:6.286048519282552	grab@V-board@N-OBJ freq:76.0 ppmi:2.637636570087526 score
415 grab@V-monkey@N-NSUBJ freq:9.0 ppmi:6.286048519282552	grab@V-banana@N-OBJ freq:19.0 ppmi:4.876780355713299 score
416 decorate@V-mother@N-NSUBJ freq:9.0 ppmi:4.406510298085528	decorate@V-car@N-OBJ freq:79.0 ppmi:2.5614435367030577 score
417 decorate@V-mother@N-NSUBJ freq:9.0 ppmi:4.406510298085528	decorate@V-house@N-OBJ freq:687.0 ppmi:5.098931406160519 score
418 hold@V-mother@N-NSUBJ freq:36.0 ppmi:0.6697108836589141	hold@V-flag@N-OBJ freq:572.0 ppmi:1.7315859830858866 score
419 hold@V-mother@N-NSUBJ freq:36.0 ppmi:0.6697108836589141	hold@V-child@N-OBJ freq:824.0 ppmi:0 score
420 hang@V-mother@N-NSUBJ freq:9.0 ppmi:2.0898848016102236	hang@V-rifle@N-OBJ freq:0 ppmi:0.3948900749971986 score
421 hang@V-mother@N-NSUBJ freq:9.0 ppmi:2.0898848016102236	hang@V-laundry@N-OBJ freq:59.0 ppmi:7.576702906304003 score
422 prepare@V-mother@N-NSUBJ freq:18.0 ppmi:1.9300555316059165	prepare@V-gun@N-OBJ freq:36.0 ppmi:0 score
423 prepare@V-mother@N-NSUBJ freq:18.0 ppmi:1.9300555316059165	prepare@V-food@N-OBJ freq:2511.0 ppmi:4.704253989851088 score
424 push@V-mother@N-NSUBJ freq:21.0 ppmi:2.652595136688075	push@V-trash@N-OBJ freq:0 ppmi:1.7085977171121498	push@V-can@N-OBJ freq:0 ppmi:0 score
425 push@V-mother@N-NSUBJ freq:21.0 ppmi:2.652595136688075	push@V-stroller@N-OBJ freq:26.0 ppmi:8.060888246019333 score
426 move@V-mover@N-NSUBJ freq:4.0 ppmi:3.396535034367074	move@V-horse@N-OBJ freq:115.0 ppmi:0.9546159029960595 score
427 move@V-mover@N-NSUBJ freq:4.0 ppmi:3.396535034367074	move@V-furniture@N-OBJ freq:514.0 ppmi:4.725624178783159 score
428 entertain@V-musician@N-NSUBJ freq:18.0 ppmi:6.334695290954928	entertain@V-demonstrator@N-OBJ freq:4.0 ppmi:4.941154558043695 score
429 entertain@V-musician@N-NSUBJ freq:18.0 ppmi:6.334695290954928	entertain@V-crowd@N-OBJ freq:949.0 ppmi:8.508461607074226 score
430 hold@V-musician@N-NSUBJ freq:5.0 ppmi:0	hold@V-stone@N-OBJ freq:264.0 ppmi:0.5152487136490702 score
431 hold@V-musician@N-NSUBJ freq:5.0 ppmi:0	hold@V-guitar@N-OBJ freq:172.0 ppmi:0 score
432 play@V-musician@N-NSUBJ freq:494.0 ppmi:5.178158456117112	play@V-soccer@N-OBJ freq:5257.0 ppmi:6.27172409715402 score
433 play@V-musician@N-NSUBJ freq:494.0 ppmi:5.178158456117112	play@V-song@N-OBJ freq:12395.0 ppmi:2.550708562908113 score
434 read@V-musician@N-NSUBJ freq:17.0 ppmi:2.5104393424074694	read@V-menu@N-OBJ freq:244.0 ppmi:2.098008799523793 score
435 read@V-musician@N-NSUBJ freq:17.0 ppmi:2.5104393424074694	read@V-music@N-OBJ freq:1810.0 ppmi:1.8048569490560404 score
436 touch@V-musician@N-NSUBJ freq:0 ppmi:1.909394565358994	touch@V-base@N-OBJ freq:360.0 ppmi:4.600488779487341 score
437 touch@V-musician@N-NSUBJ freq:0 ppmi:1.909394565358994	touch@V-instrument@N-OBJ freq:50.0 ppmi:2.3546409743605086 score
438 hear@V-nanny@N-NSUBJ freq:0 ppmi:3.096787955400348	hear@V-speech@N-OBJ freq:1047.0 ppmi:4.226091924408282 score
439 hear@V-nanny@N-NSUBJ freq:0 ppmi:3.096787955400348	hear@V-baby@N-OBJ freq:124.0 ppmi:1.3904174187010303 score
440 watch@V-nanny@N-NSUBJ freq:3.0 ppmi:4.705382834031004	watch@V-landscape@N-OBJ freq:18.0 ppmi:0 score
441 watch@V-nanny@N-NSUBJ freq:3.0 ppmi:4.705382834031004	watch@V-child@N-OBJ freq:584.0 ppmi:0.5264798616151838 score
442 hand@V-nurse@N-NSUBJ freq:22.0 ppmi:4.644787386384924	hand@V-hose@N-OBJ freq:3.0 ppmi:2.7812886381510444 score
443 hand@V-nurse@N-NSUBJ freq:22.0 ppmi:4.644787386384924	hand@V-lancet@N-OBJ freq:0 ppmi:5.059095607827506 score
444 push@V-nurse@N-NSUBJ freq:5.0 ppmi:2.322702920237553	push@V-mower@N-OBJ freq:31.0 ppmi:6.182864376912389 score
445 push@V-nurse@N-NSUBJ freq:5.0 ppmi:2.322702920237553	push@V-wheelchair@N-OBJ freq:161.0 ppmi:6.163283475418694 score
446 wash@V-nurse@N-NSUBJ freq:11.0 ppmi:5.073285907169795	wash@V-car@N-OBJ freq:856.0 ppmi:4.74149492685359 score
447 wash@V-nurse@N-NSUBJ freq:11.0 ppmi:5.073285907169795	wash@V-infant@N-OBJ freq:4.0 ppmi:2.9983123094433326 score
448 complete@V-painter@N-NSUBJ freq:6.0 ppmi:2.1475325820799225	complete@V-race@N-OBJ freq:1880.0 ppmi:2.935500429014 score
449 complete@V-painter@N-NSUBJ freq:6.0 ppmi:2.1475325820799225	complete@V-painting@N-OBJ freq:585.0 ppmi:2.306915628652352 score
450 decorate@V-painter@N-NSUBJ freq:12.0 ppmi:7.1442695013491635	decorate@V-cake@N-OBJ freq:211.0 ppmi:7.465683058975424 score
451 decorate@V-painter@N-NSUBJ freq:12.0 ppmi:7.1442695013491635	decorate@V-wall@N-OBJ freq:740.0 ppmi:7.1746652652098675 score
452 mix@V-painter@N-NSUBJ freq:11.0 ppmi:5.130385867665829	mix@V-drink@N-OBJ freq:159.0 ppmi:4.502479553615749 score
453 mix@V-painter@N-NSUBJ freq:11.0 ppmi:5.130385867665829	mix@V-paint@N-OBJ freq:217.0 ppmi:6.685816751725926 score
454 paint@V-painter@N-NSUBJ freq:92.0 ppmi:8.054379607531368	paint@V-toenail@N-OBJ freq:31.0 ppmi:8.703373232903408 score
455 paint@V-painter@N-NSUBJ freq:92.0 ppmi:8.054379607531368	paint@V-picture@N-OBJ freq:4850.0 ppmi:6.8632745653558995 score
456 sign@V-painter@N-NSUBJ freq:33.0 ppmi:3.682384589661965	sign@V-agreement@N-OBJ freq:22136.0 ppmi:7.108329391749244 score
457 sign@V-painter@N-NSUBJ freq:33.0 ppmi:3.682384589661965	sign@V-paint@N-OBJ freq:0 ppmi:0 score
458 give@V-parent@N-NSUBJ freq:505.0 ppmi:2.9428366272782385	give@V-gun@N-OBJ freq:898.0 ppmi:0.14861984885796556 score
459 give@V-parent@N-NSUBJ freq:505.0 ppmi:2.9428366272782385	give@V-present@N-OBJ freq:701.0 ppmi:3.4252932888023873 score
460 buy@V-passenger@N-NSUBJ freq:80.0 ppmi:4.171690685366523	buy@V-table@N-OBJ freq:300.0 ppmi:1.0008758527670805 score
461 buy@V-passenger@N-NSUBJ freq:80.0 ppmi:4.171690685366523	buy@V-ticket@N-OBJ freq:10313.0 ppmi:6.153074026824196 score
462 pass@V-passenger@N-NSUBJ freq:42.0 ppmi:2.955606735062529	pass@V-ball@N-OBJ freq:2375.0 ppmi:3.985798658969877 score
463 pass@V-passenger@N-NSUBJ freq:42.0 ppmi:2.955606735062529	pass@V-check@N-OBJ freq:709.0 ppmi:3.942050153932853 score
464 pull@V-passenger@N-NSUBJ freq:5.0 ppmi:1.7881401334705986	pull@V-corpse@N-OBJ freq:16.0 ppmi:2.6126499531294494 score
465 pull@V-passenger@N-NSUBJ freq:5.0 ppmi:1.7881401334705986	pull@V-suitcase@N-OBJ freq:17.0 ppmi:4.119213408509312 score
466 fight@V-patient@N-NSUBJ freq:19.0 ppmi:1.659361791341861	fight@V-fire@N-OBJ freq:2302.0 ppmi:5.2864196666313195 score
467 fight@V-patient@N-NSUBJ freq:19.0 ppmi:1.659361791341861	fight@V-cancer@N-OBJ freq:911.0 ppmi:5.681453003522518 score
468 report@V-patient@N-NSUBJ freq:133.0 ppmi:2.9808825929144347	report@V-crime@N-OBJ freq:1880.0 ppmi:5.343539166640589 score
469 report@V-patient@N-NSUBJ freq:133.0 ppmi:2.9808825929144347	report@V-symptom@N-OBJ freq:662.0 ppmi:4.336436939127771 score
470 examine@V-philologist@N-NSUBJ freq:0 ppmi:6.155689427977956	examine@V-camera@N-OBJ freq:13.0 ppmi:0 score
471 examine@V-philologist@N-NSUBJ freq:0 ppmi:6.155689427977956	examine@V-book@N-OBJ freq:348.0 ppmi:0.08105077127382684 score
472 capture@V-photographer@N-NSUBJ freq:119.0 ppmi:6.987926039864503	capture@V-thief@N-OBJ freq:59.0 ppmi:4.025290789166104 score
473 capture@V-photographer@N-NSUBJ freq:119.0 ppmi:6.987926039864503	capture@V-image@N-OBJ freq:2558.0 ppmi:4.09476765340621 score
474 examine@V-photographer@N-NSUBJ freq:6.0 ppmi:3.1505903852606933	examine@V-dog@N-OBJ freq:39.0 ppmi:0 score
475 examine@V-photographer@N-NSUBJ freq:6.0 ppmi:3.1505903852606933	examine@V-camera@N-OBJ freq:13.0 ppmi:0 score
476 prepare@V-photographer@N-NSUBJ freq:3.0 ppmi:2.0266670019353583	prepare@V-food@N-OBJ freq:2511.0 ppmi:4.704253989851088 score
477 prepare@V-photographer@N-NSUBJ freq:3.0 ppmi:2.0266670019353583	prepare@V-camera@N-OBJ freq:26.0 ppmi:0 score
478 use@V-photographer@N-NSUBJ freq:90.0 ppmi:3.129399304451556	use@V-stethoscope@N-OBJ freq:132.0 ppmi:4.634165072456163 score
479 use@V-photographer@N-NSUBJ freq:90.0 ppmi:3.129399304451556	use@V-camera@N-OBJ freq:8662.0 ppmi:3.4349456149880138 score
480 begin@V-pilot@N-NSUBJ freq:26.0 ppmi:0.13444573757996253	begin@V-performance@N-OBJ freq:437.0 ppmi:0.055410279778903566 score
481 begin@V-pilot@N-NSUBJ freq:26.0 ppmi:0.13444573757996253	begin@V-race@N-OBJ freq:376.0 ppmi:0.7732058300279224 score
482 start@V-pilot@N-NSUBJ freq:42.0 ppmi:1.645028311460608	start@V-concert@N-OBJ freq:101.0 ppmi:0 score
483 start@V-pilot@N-NSUBJ freq:42.0 ppmi:1.645028311460608	start@V-race@N-OBJ freq:3122.0 ppmi:3.6311131106110137 score
484 win@V-pilot@N-NSUBJ freq:16.0 ppmi:0.008977499373151503	win@V-lottery@N-OBJ freq:1907.0 ppmi:5.562334542882691 score
485 win@V-pilot@N-NSUBJ freq:16.0 ppmi:0.008977499373151503	win@V-race@N-OBJ freq:37818.0 ppmi:5.415507595368544 score
486 begin@V-player@N-NSUBJ freq:66.0 ppmi:0	begin@V-class@N-OBJ freq:660.0 ppmi:1.4402901859580524 score
487 begin@V-player@N-NSUBJ freq:66.0 ppmi:0	begin@V-match@N-OBJ freq:316.0 ppmi:0 score
488 enjoy@V-player@N-NSUBJ freq:111.0 ppmi:2.5139431599778908	enjoy@V-beer@N-OBJ freq:514.0 ppmi:3.8651194185847415 score
489 enjoy@V-player@N-NSUBJ freq:111.0 ppmi:2.5139431599778908	enjoy@V-game@N-OBJ freq:2591.0 ppmi:1.6208639742443331 score
490 gain@V-player@N-NSUBJ freq:318.0 ppmi:3.7974015909279073	gain@V-degree@N-OBJ freq:4469.0 ppmi:3.171397503382637 score
491 gain@V-player@N-NSUBJ freq:318.0 ppmi:3.7974015909279073	gain@V-ball@N-OBJ freq:38.0 ppmi:0 score
492 gather@V-player@N-NSUBJ freq:48.0 ppmi:2.741562067233442	gather@V-grass@N-OBJ freq:34.0 ppmi:3.277281545531633 score
493 gather@V-player@N-NSUBJ freq:48.0 ppmi:2.741562067233442	gather@V-ball@N-OBJ freq:256.0 ppmi:2.5394254038088286 score
494 pass@V-player@N-NSUBJ freq:126.0 ppmi:2.056926554078736	pass@V-exam@N-OBJ freq:8103.0 ppmi:7.765955250824846 score
495 pass@V-player@N-NSUBJ freq:126.0 ppmi:2.056926554078736	pass@V-ball@N-OBJ freq:2375.0 ppmi:3.985798658969877 score
496 reach@V-player@N-NSUBJ freq:292.0 ppmi:3.0445103015934225	reach@V-moon@N-OBJ freq:280.0 ppmi:3.3396453248633673 score
497 reach@V-player@N-NSUBJ freq:292.0 ppmi:3.0445103015934225	reach@V-goal@N-OBJ freq:5484.0 ppmi:2.6526546675836684 score
498 touch@V-player@N-NSUBJ freq:65.0 ppmi:4.083900221858685	touch@V-flower@N-OBJ freq:36.0 ppmi:2.4783665221640745 score
499 touch@V-player@N-NSUBJ freq:65.0 ppmi:4.083900221858685	touch@V-base@N-OBJ freq:360.0 ppmi:4.600488779487341 score
500 write@V-poet@N-NSUBJ freq:160.0 ppmi:3.895952068731985	write@V-menu@N-OBJ freq:59.0 ppmi:0 score
501 write@V-poet@N-NSUBJ freq:160.0 ppmi:3.895952068731985	write@V-sonet@N-OBJ freq:0 ppmi:5.673959577202923 score
502 capture@V-policeman@N-NSUBJ freq:3.0 ppmi:3.1696421541613997	capture@V-image@N-OBJ freq:2558.0 ppmi:4.09476765340621 score
503 capture@V-policeman@N-NSUBJ freq:3.0 ppmi:3.1696421541613997	capture@V-thief@N-OBJ freq:59.0 ppmi:4.025290789166104 score
504 check@V-policeman@N-NSUBJ freq:3.0 ppmi:3.0870424705395574	check@V-grocery@N-OBJ freq:6.0 ppmi:1.9385992155161929 score
505 check@V-policeman@N-NSUBJ freq:3.0 ppmi:3.0870424705395574	check@V-bag@N-OBJ freq:236.0 ppmi:2.6997423110701595 score
506 examine@V-policeman@N-NSUBJ freq:7.0 ppmi:4.099166643387135	examine@V-patient@N-OBJ freq:502.0 ppmi:3.0190034772828547 score
507 examine@V-policeman@N-NSUBJ freq:7.0 ppmi:4.099166643387135	examine@V-car@N-OBJ freq:74.0 ppmi:0 score
508 fight@V-policeman@N-NSUBJ freq:7.0 ppmi:3.3453777932561852	fight@V-obesity@N-OBJ freq:91.0 ppmi:5.615721269950824 score
509 fight@V-policeman@N-NSUBJ freq:7.0 ppmi:3.3453777932561852	fight@V-crime@N-OBJ freq:2208.0 ppmi:5.89754173749344 score
510 hit@V-policeman@N-NSUBJ freq:3.0 ppmi:1.9519680384312146	hit@V-ball@N-OBJ freq:4579.0 ppmi:5.460556104281117 score
511 hit@V-policeman@N-NSUBJ freq:3.0 ppmi:1.9519680384312146	hit@V-demonstrator@N-OBJ freq:11.0 ppmi:2.722392697898508 score
512 push@V-policeman@N-NSUBJ freq:4.0 ppmi:3.589258408365789	push@V-stroller@N-OBJ freq:26.0 ppmi:8.060888246019333 score
513 push@V-policeman@N-NSUBJ freq:4.0 ppmi:3.589258408365789	push@V-demonstrator@N-OBJ freq:7.0 ppmi:3.4060681885299733 score
514 sign@V-politician@N-NSUBJ freq:12.0 ppmi:1.2787478181955627	sign@V-paint@N-OBJ freq:0 ppmi:0 score
515 sign@V-politician@N-NSUBJ freq:12.0 ppmi:1.2787478181955627	sign@V-agreement@N-OBJ freq:22136.0 ppmi:7.108329391749244 score
516 carry@V-porter@N-NSUBJ freq:31.0 ppmi:3.6532887078770333	carry@V-flag@N-OBJ freq:2353.0 ppmi:4.304939079866605 score
517 carry@V-porter@N-NSUBJ freq:31.0 ppmi:3.6532887078770333	carry@V-bag@N-OBJ freq:2435.0 ppmi:4.52154163604537 score
518 load@V-porter@N-NSUBJ freq:0 ppmi:3.708550250100953	load@V-file@N-OBJ freq:1005.0 ppmi:5.618118147643299 score
519 load@V-porter@N-NSUBJ freq:0 ppmi:3.708550250100953	load@V-luggage@N-OBJ freq:92.0 ppmi:7.377383853661753 score
520 stack@V-porter@N-NSUBJ freq:0 ppmi:3.5596323792201194	stack@V-wood@N-OBJ freq:15.0 ppmi:4.1728345773897635 score
521 stack@V-porter@N-NSUBJ freq:0 ppmi:3.5596323792201194	stack@V-suitcase@N-OBJ freq:0 ppmi:4.359552288635965 zero_score
522 deliver@V-postman@N-NSUBJ freq:29.0 ppmi:6.929211051930776	deliver@V-punch@N-OBJ freq:305.0 ppmi:4.622229034633039 score
523 deliver@V-postman@N-NSUBJ freq:29.0 ppmi:6.929211051930776	deliver@V-mail@N-OBJ freq:1071.0 ppmi:4.547911789156377 score
524 deliver@V-president@N-NSUBJ freq:22.0 ppmi:2.427841070686802	deliver@V-kick@N-OBJ freq:149.0 ppmi:2.873779531251433 score
525 deliver@V-president@N-NSUBJ freq:22.0 ppmi:2.427841070686802	deliver@V-speech@N-OBJ freq:5201.0 ppmi:5.939488773453391 score
526 give@V-president@N-NSUBJ freq:68.0 ppmi:1.3810653640805859	give@V-book@N-OBJ freq:2928.0 ppmi:0 score
527 give@V-president@N-NSUBJ freq:68.0 ppmi:1.3810653640805859	give@V-speech@N-OBJ freq:11011.0 ppmi:3.9498323787102647 score
528 promise@V-president@N-NSUBJ freq:144.0 ppmi:5.539809430893107	promise@V-bicycle@N-OBJ freq:0 ppmi:0.43559049118939813 score
529 promise@V-president@N-NSUBJ freq:144.0 ppmi:5.539809430893107	promise@V-reform@N-OBJ freq:271.0 ppmi:5.47472455285355 score
530 visit@V-president@N-NSUBJ freq:78.0 ppmi:3.857695660908566	visit@V-grandmother@N-OBJ freq:262.0 ppmi:5.443458230009382 score
531 visit@V-president@N-NSUBJ freq:78.0 ppmi:3.857695660908566	visit@V-school@N-OBJ freq:7938.0 ppmi:2.8911103853130315 score
532 celebrate@V-priest@N-NSUBJ freq:75.0 ppmi:5.5918504517753185	celebrate@V-graduation@N-OBJ freq:148.0 ppmi:6.203238980328816 score
533 celebrate@V-priest@N-NSUBJ freq:75.0 ppmi:5.5918504517753185	celebrate@V-marriage@N-OBJ freq:768.0 ppmi:4.5900784259229015 score
534 promise@V-priest@N-NSUBJ freq:19.0 ppmi:3.4365971177309245	promise@V-promotion@N-OBJ freq:62.0 ppmi:2.791285759263556 score
535 promise@V-priest@N-NSUBJ freq:19.0 ppmi:3.4365971177309245	promise@V-salvation@N-OBJ freq:44.0 ppmi:5.543605251781065 score
536 teach@V-priest@N-NSUBJ freq:31.0 ppmi:3.75610652842654	teach@V-chemistry@N-OBJ freq:620.0 ppmi:5.504607451260102 score
537 teach@V-priest@N-NSUBJ freq:31.0 ppmi:3.75610652842654	teach@V-bible@N-OBJ freq:375.0 ppmi:4.225827978948591 score
538 release@V-producer@N-NSUBJ freq:72.0 ppmi:3.3585724792790725	release@V-prisoner@N-OBJ freq:1335.0 ppmi:4.190796858329503 score
539 release@V-producer@N-NSUBJ freq:72.0 ppmi:3.3585724792790725	release@V-film@N-OBJ freq:5225.0 ppmi:3.593365988807545 score
540 deliver@V-professor@N-NSUBJ freq:13.0 ppmi:2.7980451713848966	deliver@V-kick@N-OBJ freq:149.0 ppmi:2.873779531251433 score
541 deliver@V-professor@N-NSUBJ freq:13.0 ppmi:2.7980451713848966	deliver@V-lecture@N-OBJ freq:3138.0 ppmi:6.881011739641188 score
542 donate@V-professor@N-NSUBJ freq:11.0 ppmi:4.2385294502546165	donate@V-organ@N-OBJ freq:501.0 ppmi:6.632552290920504 score
543 donate@V-professor@N-NSUBJ freq:11.0 ppmi:4.2385294502546165	donate@V-book@N-OBJ freq:664.0 ppmi:2.8419426558969185 score
544 open@V-professor@N-NSUBJ freq:3.0 ppmi:0.0658737653437896	open@V-jail@N-OBJ freq:25.0 ppmi:2.197867312061916 score
545 open@V-professor@N-NSUBJ freq:3.0 ppmi:0.0658737653437896	open@V-congress@N-OBJ freq:64.0 ppmi:0.8857588941820921 score
546 teach@V-professor@N-NSUBJ freq:68.0 ppmi:5.19497660888471	teach@V-karate@N-OBJ freq:117.0 ppmi:6.474468533477215 score
547 teach@V-professor@N-NSUBJ freq:68.0 ppmi:5.19497660888471	teach@V-language@N-OBJ freq:3694.0 ppmi:4.4530527362606165 score
548 wear@V-professor@N-NSUBJ freq:13.0 ppmi:3.098778828980545	wear@V-goggle@N-OBJ freq:0 ppmi:5.4915858841212195 score
549 wear@V-professor@N-NSUBJ freq:13.0 ppmi:3.098778828980545	wear@V-tie@N-OBJ freq:1750.0 ppmi:5.18241353663668 score
550 write@V-professor@N-NSUBJ freq:21.0 ppmi:1.0749052653932374	write@V-magazine@N-OBJ freq:448.0 ppmi:1.3250662158213797 score
551 write@V-professor@N-NSUBJ freq:21.0 ppmi:1.0749052653932374	write@V-book@N-OBJ freq:58288.0 ppmi:5.343418399154284 score
552 describe@V-programmer@N-NSUBJ freq:11.0 ppmi:1.7750841171545098	describe@V-monument@N-OBJ freq:118.0 ppmi:1.5416792845054987 score
553 describe@V-programmer@N-NSUBJ freq:11.0 ppmi:1.7750841171545098	describe@V-software@N-OBJ freq:199.0 ppmi:0 score
554 load@V-programmer@N-NSUBJ freq:5.0 ppmi:5.6937233061636805	load@V-ammunition@N-OBJ freq:186.0 ppmi:7.244910347885035 score
555 load@V-programmer@N-NSUBJ freq:5.0 ppmi:5.6937233061636805	load@V-file@N-OBJ freq:1005.0 ppmi:5.618118147643299 score
556 use@V-programmer@N-NSUBJ freq:174.0 ppmi:4.531438470797436	use@V-shovel@N-OBJ freq:322.0 ppmi:3.9148342542251937 score
557 use@V-programmer@N-NSUBJ freq:174.0 ppmi:4.531438470797436	use@V-computer@N-OBJ freq:15838.0 ppmi:3.793391987230045 score
558 draw@V-pupil@N-NSUBJ freq:109.0 ppmi:3.819969031149112	draw@V-turbine@N-OBJ freq:0 ppmi:0 score
559 draw@V-pupil@N-NSUBJ freq:109.0 ppmi:3.819969031149112	draw@V-flower@N-OBJ freq:99.0 ppmi:1.2659255970586547 score
560 sell@V-pusher@N-NSUBJ freq:3.0 ppmi:6.378639571371121	sell@V-chocolate@N-OBJ freq:275.0 ppmi:4.090679626711493 score
561 sell@V-pusher@N-NSUBJ freq:3.0 ppmi:6.378639571371121	sell@V-drug@N-OBJ freq:1397.0 ppmi:3.6898716792074686 score
562 start@V-pyromaniac@N-NSUBJ freq:0 ppmi:10.791423415982534	start@V-computer@N-OBJ freq:259.0 ppmi:0.8118909574405474 score
563 start@V-pyromaniac@N-NSUBJ freq:0 ppmi:10.791423415982534	start@V-fire@N-OBJ freq:3008.0 ppmi:3.896725440864226 score
564 catch@V-receiver@N-NSUBJ freq:11.0 ppmi:3.7572511978305014	catch@V-wave@N-OBJ freq:512.0 ppmi:4.967861291656024 score
565 catch@V-receiver@N-NSUBJ freq:11.0 ppmi:3.7572511978305014	catch@V-baseball@N-OBJ freq:27.0 ppmi:1.6672001352181334 score
566 move@V-referee@N-NSUBJ freq:13.0 ppmi:1.5417432521488525	move@V-furniture@N-OBJ freq:514.0 ppmi:4.725624178783159 score
567 move@V-referee@N-NSUBJ freq:13.0 ppmi:1.5417432521488525	move@V-ball@N-OBJ freq:2024.0 ppmi:3.9647086943139103 score
568 find@V-refugee@N-NSUBJ freq:41.0 ppmi:2.795971045668061	find@V-doll@N-OBJ freq:170.0 ppmi:2.030246331469328 score
569 find@V-refugee@N-NSUBJ freq:41.0 ppmi:2.795971045668061	find@V-shelter@N-OBJ freq:1338.0 ppmi:3.2186211892277203 score
570 bring@V-reporter@N-NSUBJ freq:6.0 ppmi:0.5835044991829859	bring@V-cake@N-OBJ freq:271.0 ppmi:2.1541305975852865 score
571 bring@V-reporter@N-NSUBJ freq:6.0 ppmi:0.5835044991829859	bring@V-news@N-OBJ freq:3670.0 ppmi:2.8810517664535507 score
572 hold@V-reporter@N-NSUBJ freq:7.0 ppmi:0.5009681483855868	hold@V-knife@N-OBJ freq:582.0 ppmi:3.2310032035619694 score
573 hold@V-reporter@N-NSUBJ freq:7.0 ppmi:0.5009681483855868	hold@V-camera@N-OBJ freq:507.0 ppmi:1.3990172656774458 score
574 climb@V-roofer@N-NSUBJ freq:0 ppmi:8.810330202676129	climb@V-rock@N-OBJ freq:298.0 ppmi:5.104427629509371 score
575 climb@V-roofer@N-NSUBJ freq:0 ppmi:8.810330202676129	climb@V-ladder@N-OBJ freq:2316.0 ppmi:9.959389330656089 score
576 face@V-sailor@N-NSUBJ freq:25.0 ppmi:3.9803480901298065	face@V-wall@N-OBJ freq:781.0 ppmi:2.9663954195910325 score
577 face@V-sailor@N-NSUBJ freq:25.0 ppmi:3.9803480901298065	face@V-ocean@N-OBJ freq:414.0 ppmi:4.703512847372433 score
578 mop@V-sailor@N-NSUBJ freq:0 ppmi:8.543430059148202	mop@V-classroom@N-OBJ freq:0 ppmi:4.375355669614766 zero_score
579 mop@V-sailor@N-NSUBJ freq:0 ppmi:8.543430059148202	mop@V-deck@N-OBJ freq:6.0 ppmi:6.349665976568275 score
580 tie@V-sailor@N-NSUBJ freq:3.0 ppmi:3.853304754719329	tie@V-necktie@N-OBJ freq:17.0 ppmi:8.791863462040018 score
581 tie@V-sailor@N-NSUBJ freq:3.0 ppmi:3.853304754719329	tie@V-rope@N-OBJ freq:346.0 ppmi:7.317213634766671 score
582 send@V-salesperson@N-NSUBJ freq:0 ppmi:3.831845108245821	send@V-gun@N-OBJ freq:113.0 ppmi:0 score
583 send@V-salesperson@N-NSUBJ freq:0 ppmi:3.831845108245821	send@V-questionnaire@N-OBJ freq:1464.0 ppmi:4.780208082532656 score
584 report@V-scientist@N-NSUBJ freq:20.0 ppmi:0.9625623281352279	report@V-marriage@N-OBJ freq:51.0 ppmi:0.667681757294771 score
585 report@V-scientist@N-NSUBJ freq:20.0 ppmi:0.9625623281352279	report@V-finding@N-OBJ freq:2451.0 ppmi:6.113257572164826 score
586 assemble@V-scoutmaster@N-NSUBJ freq:0 ppmi:10.334932579877908	assemble@V-sailboat@N-OBJ freq:0 ppmi:5.337913628691926 zero_score
587 assemble@V-scoutmaster@N-NSUBJ freq:0 ppmi:10.334932579877908	assemble@V-tent@N-OBJ freq:13.0 ppmi:3.6313883113012864 score
588 carve@V-sculptor@N-NSUBJ freq:10.0 ppmi:7.472073295171548	carve@V-meat@N-OBJ freq:57.0 ppmi:5.110863387374813 score
589 carve@V-sculptor@N-NSUBJ freq:10.0 ppmi:7.472073295171548	carve@V-stone@N-OBJ freq:287.0 ppmi:6.290928021399325 score
590 teach@V-sculptor@N-NSUBJ freq:21.0 ppmi:5.622541087428412	teach@V-skydiving@N-OBJ freq:0 ppmi:3.0900852922406723 score
591 teach@V-sculptor@N-NSUBJ freq:21.0 ppmi:5.622541087428412	teach@V-art@N-OBJ freq:3573.0 ppmi:4.834665553288901 score
592 write@V-secretary@N-NSUBJ freq:80.0 ppmi:1.9702729075125578	write@V-sonet@N-OBJ freq:0 ppmi:5.673959577202923 score
593 write@V-secretary@N-NSUBJ freq:80.0 ppmi:1.9702729075125578	write@V-note@N-OBJ freq:4333.0 ppmi:2.8641345303403085 score
594 assign@V-sergeant@N-NSUBJ freq:0 ppmi:3.398813652203677	assign@V-homework@N-OBJ freq:31.0 ppmi:4.159988758480652 score
595 assign@V-sergeant@N-NSUBJ freq:0 ppmi:3.398813652203677	assign@V-mission@N-OBJ freq:490.0 ppmi:4.467331327052494 score
596 begin@V-singer@N-NSUBJ freq:9.0 ppmi:0	begin@V-race@N-OBJ freq:376.0 ppmi:0.7732058300279224 score
597 begin@V-singer@N-NSUBJ freq:9.0 ppmi:0	begin@V-performance@N-OBJ freq:437.0 ppmi:0.055410279778903566 score
598 hold@V-singer@N-NSUBJ freq:6.0 ppmi:0	hold@V-sword@N-OBJ freq:881.0 ppmi:3.4444301710216325 score
599 hold@V-singer@N-NSUBJ freq:6.0 ppmi:0	hold@V-microphone@N-OBJ freq:179.0 ppmi:2.777700223561705 score
600 perform@V-singer@N-NSUBJ freq:173.0 ppmi:5.180729397385825	perform@V-trick@N-OBJ freq:1784.0 ppmi:5.41206680811958 score
601 perform@V-singer@N-NSUBJ freq:173.0 ppmi:5.180729397385825	perform@V-music@N-OBJ freq:4916.0 ppmi:3.6892743351843356 score
602 record@V-singer@N-NSUBJ freq:58.0 ppmi:4.076242066003109	record@V-recipe@N-OBJ freq:26.0 ppmi:0.4294739453340631 score
603 record@V-singer@N-NSUBJ freq:58.0 ppmi:4.076242066003109	record@V-song@N-OBJ freq:21190.0 ppmi:5.466891858735407 score
604 start@V-singer@N-NSUBJ freq:18.0 ppmi:0.7787988771174741	start@V-videogame@N-OBJ freq:0 ppmi:1.4647243166129835 score
605 start@V-singer@N-NSUBJ freq:18.0 ppmi:0.7787988771174741	start@V-concert@N-OBJ freq:101.0 ppmi:0 score
606 ride@V-skater@N-NSUBJ freq:3.0 ppmi:5.250687670882796	ride@V-bus@N-OBJ freq:536.0 ppmi:5.9594174176440635 score
607 ride@V-skater@N-NSUBJ freq:3.0 ppmi:5.250687670882796	ride@V-skate@N-OBJ freq:7.0 ppmi:4.694155497979102 score
608 gain@V-skier@N-NSUBJ freq:4.0 ppmi:3.4787335754611695	gain@V-ball@N-OBJ freq:38.0 ppmi:0 score
609 gain@V-skier@N-NSUBJ freq:4.0 ppmi:3.4787335754611695	gain@V-speed@N-OBJ freq:609.0 ppmi:1.91122887823957 score
610 assemble@V-skipper@N-NSUBJ freq:0 ppmi:4.522302715779629	assemble@V-bicycle@N-OBJ freq:23.0 ppmi:4.526410736170661 score
611 assemble@V-skipper@N-NSUBJ freq:0 ppmi:4.522302715779629	assemble@V-sailboat@N-OBJ freq:0 ppmi:5.337913628691926 zero_score
612 sell@V-smuggler@N-NSUBJ freq:4.0 ppmi:4.244213251150194	sell@V-flower@N-OBJ freq:375.0 ppmi:2.3933742271983656 score
613 sell@V-smuggler@N-NSUBJ freq:4.0 ppmi:4.244213251150194	sell@V-weapon@N-OBJ freq:649.0 ppmi:2.192459707979723 score
614 flip@V-snowboarder@N-NSUBJ freq:0 ppmi:9.314372205718826	flip@V-bike@N-OBJ freq:11.0 ppmi:4.305494774370736 score
615 flip@V-snowboarder@N-NSUBJ freq:0 ppmi:9.314372205718826	flip@V-board@N-OBJ freq:29.0 ppmi:4.160192365958703 score
616 carry@V-soldier@N-NSUBJ freq:147.0 ppmi:4.011701657670346	carry@V-ball@N-OBJ freq:1483.0 ppmi:2.1827368074303224 score
617 carry@V-soldier@N-NSUBJ freq:147.0 ppmi:4.011701657670346	carry@V-rifle@N-OBJ freq:652.0 ppmi:4.236341164119785 score
618 celebrate@V-soldier@N-NSUBJ freq:28.0 ppmi:3.3887228933525946	celebrate@V-graduation@N-OBJ freq:148.0 ppmi:6.203238980328816 score
619 celebrate@V-soldier@N-NSUBJ freq:28.0 ppmi:3.3887228933525946	celebrate@V-victory@N-OBJ freq:2786.0 ppmi:5.4326865390550205 score
620 check@V-soldier@N-NSUBJ freq:9.0 ppmi:1.9178846560554403	check@V-burner@N-OBJ freq:3.0 ppmi:1.8151587351550689 score
621 check@V-soldier@N-NSUBJ freq:9.0 ppmi:1.9178846560554403	check@V-rifle@N-OBJ freq:6.0 ppmi:0 score
622 cross@V-soldier@N-NSUBJ freq:40.0 ppmi:3.5498665767321356	cross@V-stage@N-OBJ freq:115.0 ppmi:0.6179324303219516 score
623 cross@V-soldier@N-NSUBJ freq:40.0 ppmi:3.5498665767321356	cross@V-river@N-OBJ freq:19657.0 ppmi:8.09746818045776 score
624 dig@V-soldier@N-NSUBJ freq:23.0 ppmi:5.513486753835726	dig@V-pool@N-OBJ freq:24.0 ppmi:3.2237797557966044 score
625 dig@V-soldier@N-NSUBJ freq:23.0 ppmi:5.513486753835726	dig@V-trench@N-OBJ freq:877.0 ppmi:10.955028582016817 score
626 fight@V-soldier@N-NSUBJ freq:412.0 ppmi:6.562278411079146	fight@V-cancer@N-OBJ freq:911.0 ppmi:5.681453003522518 score
627 fight@V-soldier@N-NSUBJ freq:412.0 ppmi:6.562278411079146	fight@V-enemy@N-OBJ freq:1479.0 ppmi:5.843741790755 score
628 gather@V-soldier@N-NSUBJ freq:12.0 ppmi:2.795569585881867	gather@V-ball@N-OBJ freq:256.0 ppmi:2.5394254038088286 score
629 gather@V-soldier@N-NSUBJ freq:12.0 ppmi:2.795569585881867	gather@V-ammunition@N-OBJ freq:40.0 ppmi:3.503591061073016 score
630 gather@V-soldier@N-NSUBJ freq:12.0 ppmi:2.795569585881867	gather@V-grass@N-OBJ freq:34.0 ppmi:3.277281545531633 score
631 gather@V-soldier@N-NSUBJ freq:12.0 ppmi:2.795569585881867	gather@V-flag@N-OBJ freq:8.0 ppmi:0 score
632 hear@V-soldier@N-NSUBJ freq:6.0 ppmi:1.1343571058480706	hear@V-poem@N-OBJ freq:87.0 ppmi:1.0121826616048823 score
633 hear@V-soldier@N-NSUBJ freq:6.0 ppmi:1.1343571058480706	hear@V-command@N-OBJ freq:83.0 ppmi:0.05640808040349418 score
634 hold@V-soldier@N-NSUBJ freq:48.0 ppmi:1.634240948769572	hold@V-comb@N-OBJ freq:29.0 ppmi:2.260158210499293 score
635 hold@V-soldier@N-NSUBJ freq:48.0 ppmi:1.634240948769572	hold@V-flag@N-OBJ freq:572.0 ppmi:1.7315859830858866 score
636 hang@V-soldier@N-NSUBJ freq:8.0 ppmi:2.5209826666398074	hang@V-picture@N-OBJ freq:271.0 ppmi:3.994829323025673 score
637 hang@V-soldier@N-NSUBJ freq:8.0 ppmi:2.5209826666398074	hang@V-rifle@N-OBJ freq:0 ppmi:0.3948900749971986 score
638 reach@V-soldier@N-NSUBJ freq:48.0 ppmi:2.3792029328973285	reach@V-supermarket@N-OBJ freq:23.0 ppmi:0.7807607194510237 score
639 reach@V-soldier@N-NSUBJ freq:48.0 ppmi:2.3792029328973285	reach@V-trench@N-OBJ freq:199.0 ppmi:3.627460632332846 score
640 release@V-soldier@N-NSUBJ freq:7.0 ppmi:0	release@V-film@N-OBJ freq:5225.0 ppmi:3.593365988807545 score
641 release@V-soldier@N-NSUBJ freq:7.0 ppmi:0	release@V-prisoner@N-OBJ freq:1335.0 ppmi:4.190796858329503 score
642 throw@V-soldier@N-NSUBJ freq:22.0 ppmi:2.4887232306665785	throw@V-ball@N-OBJ freq:3512.0 ppmi:5.493898881257356 score
643 throw@V-soldier@N-NSUBJ freq:22.0 ppmi:2.4887232306665785	throw@V-bomb@N-OBJ freq:926.0 ppmi:5.575526481148904 score
644 throw@V-soldier@N-NSUBJ freq:22.0 ppmi:2.4887232306665785	throw@V-snowball@N-OBJ freq:178.0 ppmi:9.420719514636723 score
645 throw@V-soldier@N-NSUBJ freq:22.0 ppmi:2.4887232306665785	throw@V-bomb@N-OBJ freq:926.0 ppmi:5.575526481148904 score
646 use@V-soldier@N-NSUBJ freq:132.0 ppmi:2.1439164573023923	use@V-brush@N-OBJ freq:1702.0 ppmi:3.9813169375337414 score
647 use@V-soldier@N-NSUBJ freq:132.0 ppmi:2.1439164573023923	use@V-knife@N-OBJ freq:2131.0 ppmi:3.0464795628004597 score
648 wear@V-soldier@N-NSUBJ freq:95.0 ppmi:4.5945882793511545	wear@V-jeans@N-OBJ freq:1579.0 ppmi:8.564898237028526 score
649 wear@V-soldier@N-NSUBJ freq:95.0 ppmi:4.5945882793511545	wear@V-helmet@N-OBJ freq:4604.0 ppmi:8.428730176854929 score
650 wear@V-soldier@N-NSUBJ freq:95.0 ppmi:4.5945882793511545	wear@V-pajama@N-OBJ freq:0 ppmi:10.661510885563532 score
651 wear@V-soldier@N-NSUBJ freq:95.0 ppmi:4.5945882793511545	wear@V-uniform@N-OBJ freq:8623.0 ppmi:8.590683538722033 score
652 entertain@V-speaker@N-NSUBJ freq:6.0 ppmi:4.645987999941659	entertain@V-dog@N-OBJ freq:8.0 ppmi:1.0942938610131119 score
653 entertain@V-speaker@N-NSUBJ freq:6.0 ppmi:4.645987999941659	entertain@V-audience@N-OBJ freq:1059.0 ppmi:7.313869640249036 score
654 buy@V-spectator@N-NSUBJ freq:16.0 ppmi:3.493578244470328	buy@V-car@N-OBJ freq:7291.0 ppmi:4.244460184723853 score
655 buy@V-spectator@N-NSUBJ freq:16.0 ppmi:3.493578244470328	buy@V-ticket@N-OBJ freq:10313.0 ppmi:6.153074026824196 score
656 enjoy@V-spectator@N-NSUBJ freq:29.0 ppmi:4.59672363257565	enjoy@V-breakfast@N-OBJ freq:783.0 ppmi:4.6720820837680686 score
657 enjoy@V-spectator@N-NSUBJ freq:29.0 ppmi:4.59672363257565	enjoy@V-game@N-OBJ freq:2591.0 ppmi:1.6208639742443331 score
658 hear@V-spectator@N-NSUBJ freq:11.0 ppmi:3.8930511622496886	hear@V-horn@N-OBJ freq:118.0 ppmi:3.4397066791416453 score
659 hear@V-spectator@N-NSUBJ freq:11.0 ppmi:3.8930511622496886	hear@V-speech@N-OBJ freq:1047.0 ppmi:4.226091924408282 score
660 watch@V-spectator@N-NSUBJ freq:184.0 ppmi:8.018437038959922	watch@V-bird@N-OBJ freq:1016.0 ppmi:4.856361527332501 score
661 watch@V-spectator@N-NSUBJ freq:184.0 ppmi:8.018437038959922	watch@V-game@N-OBJ freq:4030.0 ppmi:3.2605444064861215 score
662 examine@V-speleologist@N-NSUBJ freq:0 ppmi:9.29746338910612	examine@V-book@N-OBJ freq:348.0 ppmi:0.08105077127382684 score
663 examine@V-speleologist@N-NSUBJ freq:0 ppmi:9.29746338910612	examine@V-cave@N-OBJ freq:25.0 ppmi:1.416430947660325 score
664 pass@V-spy@N-NSUBJ freq:18.0 ppmi:3.609438876929266	pass@V-frisbee@N-OBJ freq:0 ppmi:1.7285725809242531 score
665 pass@V-spy@N-NSUBJ freq:18.0 ppmi:3.609438876929266	pass@V-information@N-OBJ freq:4293.0 ppmi:2.0142565816198665 score
666 begin@V-student@N-NSUBJ freq:321.0 ppmi:0	begin@V-match@N-OBJ freq:316.0 ppmi:0 score
667 begin@V-student@N-NSUBJ freq:321.0 ppmi:0	begin@V-trip@N-OBJ freq:539.0 ppmi:1.9139263414357897 score
668 celebrate@V-student@N-NSUBJ freq:76.0 ppmi:1.641296814794486	celebrate@V-marriage@N-OBJ freq:768.0 ppmi:4.5900784259229015 score
669 celebrate@V-student@N-NSUBJ freq:76.0 ppmi:1.641296814794486	celebrate@V-graduation@N-OBJ freq:148.0 ppmi:6.203238980328816 score
670 complete@V-student@N-NSUBJ freq:3218.0 ppmi:5.853205342206253	complete@V-marathon@N-OBJ freq:1176.0 ppmi:5.803360760828843 score
671 complete@V-student@N-NSUBJ freq:3218.0 ppmi:5.853205342206253	complete@V-project@N-OBJ freq:8153.0 ppmi:3.839940203844632 score
672 drink@V-student@N-NSUBJ freq:39.0 ppmi:2.3488926225858937	drink@V-gasoline@N-OBJ freq:13.0 ppmi:5.135308919940283 score
673 drink@V-student@N-NSUBJ freq:39.0 ppmi:2.3488926225858937	drink@V-beer@N-OBJ freq:2061.0 ppmi:8.808870395623495 score
674 drink@V-student@N-NSUBJ freq:39.0 ppmi:2.3488926225858937	drink@V-milk@N-OBJ freq:1118.0 ppmi:8.154124456189287 score
675 drink@V-student@N-NSUBJ freq:39.0 ppmi:2.3488926225858937	drink@V-coffee@N-OBJ freq:1485.0 ppmi:8.468122834732906 score
676 enjoy@V-student@N-NSUBJ freq:264.0 ppmi:2.5136177176176	enjoy@V-marriage@N-OBJ freq:167.0 ppmi:1.2241439221113022 score
677 enjoy@V-student@N-NSUBJ freq:264.0 ppmi:2.5136177176176	enjoy@V-beer@N-OBJ freq:514.0 ppmi:3.8651194185847415 score
678 hear@V-student@N-NSUBJ freq:177.0 ppmi:2.4922351813004884	hear@V-command@N-OBJ freq:83.0 ppmi:0.05640808040349418 score
679 hear@V-student@N-NSUBJ freq:177.0 ppmi:2.4922351813004884	hear@V-lecture@N-OBJ freq:245.0 ppmi:3.8097623078011926 score
680 pass@V-student@N-NSUBJ freq:592.0 ppmi:3.035816759433209	pass@V-river@N-OBJ freq:280.0 ppmi:1.4555701588247452 score
681 pass@V-student@N-NSUBJ freq:592.0 ppmi:3.035816759433209	pass@V-exam@N-OBJ freq:8103.0 ppmi:7.765955250824846 score
682 read@V-student@N-NSUBJ freq:1305.0 ppmi:4.487542805354942	read@V-hand@N-OBJ freq:116.0 ppmi:0 score
683 read@V-student@N-NSUBJ freq:1305.0 ppmi:4.487542805354942	read@V-book@N-OBJ freq:30695.0 ppmi:5.155126073234949 score
684 send@V-student@N-NSUBJ freq:105.0 ppmi:0.271297164411222	send@V-bomb@N-OBJ freq:182.0 ppmi:1.1869702370599111 score
685 send@V-student@N-NSUBJ freq:105.0 ppmi:0.271297164411222	send@V-email@N-OBJ freq:24099.0 ppmi:6.9073836944059614 score
686 throw@V-student@N-NSUBJ freq:19.0 ppmi:0	throw@V-garbage@N-OBJ freq:120.0 ppmi:6.840113851318034 score
687 throw@V-student@N-NSUBJ freq:19.0 ppmi:0	throw@V-frisbee@N-OBJ freq:71.0 ppmi:7.862525074025808 score
688 use@V-student@N-NSUBJ freq:3458.0 ppmi:3.708445887556868	use@V-saw@N-OBJ freq:491.0 ppmi:3.6201698752837306 score
689 use@V-student@N-NSUBJ freq:3458.0 ppmi:3.708445887556868	use@V-computer@N-OBJ freq:15838.0 ppmi:3.793391987230045 score
690 wear@V-student@N-NSUBJ freq:719.0 ppmi:4.3625931845930115	wear@V-armor@N-OBJ freq:844.0 ppmi:7.010985307336557 score
691 wear@V-student@N-NSUBJ freq:719.0 ppmi:4.3625931845930115	wear@V-glass@N-OBJ freq:2817.0 ppmi:6.050178532205616 score
692 wear@V-student@N-NSUBJ freq:719.0 ppmi:4.3625931845930115	wear@V-harness@N-OBJ freq:244.0 ppmi:6.515899698714565 score
693 wear@V-student@N-NSUBJ freq:719.0 ppmi:4.3625931845930115	wear@V-glass@N-OBJ freq:2817.0 ppmi:6.050178532205616 score
694 catch@V-surfer@N-NSUBJ freq:14.0 ppmi:5.2790296730151525	catch@V-baseball@N-OBJ freq:27.0 ppmi:1.6672001352181334 score
695 catch@V-surfer@N-NSUBJ freq:14.0 ppmi:5.2790296730151525	catch@V-wave@N-OBJ freq:512.0 ppmi:4.967861291656024 score
696 flip@V-surfer@N-NSUBJ freq:0 ppmi:6.077681401329809	flip@V-pancake@N-OBJ freq:27.0 ppmi:10.147202429446601 score
697 flip@V-surfer@N-NSUBJ freq:0 ppmi:6.077681401329809	flip@V-board@N-OBJ freq:29.0 ppmi:4.160192365958703 score
698 grab@V-surfer@N-NSUBJ freq:0 ppmi:4.358584931073366	grab@V-frisbee@N-OBJ freq:0 ppmi:4.640762671074246 zero_score
699 grab@V-surfer@N-NSUBJ freq:0 ppmi:4.358584931073366	grab@V-board@N-OBJ freq:76.0 ppmi:2.637636570087526 score
700 ride@V-surfer@N-NSUBJ freq:19.0 ppmi:6.694984622093183	ride@V-camel@N-OBJ freq:188.0 ppmi:8.339652780274804 score
701 ride@V-surfer@N-NSUBJ freq:19.0 ppmi:6.694984622093183	ride@V-wave@N-OBJ freq:1228.0 ppmi:7.515901250021762 score
702 wear@V-surfer@N-NSUBJ freq:91.0 ppmi:7.5240449313846325	wear@V-tie@N-OBJ freq:1750.0 ppmi:5.18241353663668 score
703 wear@V-surfer@N-NSUBJ freq:91.0 ppmi:7.5240449313846325	wear@V-sunglass@N-OBJ freq:1140.0 ppmi:8.638327013581893 score
704 wear@V-surfer@N-NSUBJ freq:91.0 ppmi:7.5240449313846325	wear@V-tuxedo@N-OBJ freq:263.0 ppmi:9.141503826683145 score
705 wear@V-surfer@N-NSUBJ freq:91.0 ppmi:7.5240449313846325	wear@V-swimsuit@N-OBJ freq:176.0 ppmi:8.457764217024483 score
706 examine@V-surgeon@N-NSUBJ freq:24.0 ppmi:4.993010952539436	examine@V-car@N-OBJ freq:74.0 ppmi:0 score
707 examine@V-surgeon@N-NSUBJ freq:24.0 ppmi:4.993010952539436	examine@V-patient@N-OBJ freq:502.0 ppmi:3.0190034772828547 score
708 perform@V-surgeon@N-NSUBJ freq:108.0 ppmi:5.316976522065788	perform@V-dance@N-OBJ freq:3148.0 ppmi:5.826761280179034 score
709 perform@V-surgeon@N-NSUBJ freq:108.0 ppmi:5.316976522065788	perform@V-surgery@N-OBJ freq:2332.0 ppmi:5.107617877118543 score
710 use@V-surgeon@N-NSUBJ freq:63.0 ppmi:2.7701860105606473	use@V-rifle@N-OBJ freq:1124.0 ppmi:2.4300694395236064 score
711 use@V-surgeon@N-NSUBJ freq:63.0 ppmi:2.7701860105606473	use@V-lancet@N-OBJ freq:26.0 ppmi:2.6985079989968503 score
712 clean@V-sweeper@N-NSUBJ freq:12.0 ppmi:11.096161388236213	clean@V-window@N-OBJ freq:374.0 ppmi:4.848638407500323 score
713 clean@V-sweeper@N-NSUBJ freq:12.0 ppmi:11.096161388236213	clean@V-street@N-OBJ freq:385.0 ppmi:5.196427979007292 score
714 wear@V-swimmer@N-NSUBJ freq:8.0 ppmi:3.666816872409934	wear@V-cloak@N-OBJ freq:763.0 ppmi:7.870684343648148 score
715 wear@V-swimmer@N-NSUBJ freq:8.0 ppmi:3.666816872409934	wear@V-goggle@N-OBJ freq:0 ppmi:5.4915858841212195 score
716 sew@V-tailor@N-NSUBJ freq:12.0 ppmi:11.725700922091281	sew@V-wound@N-OBJ freq:24.0 ppmi:6.757298641534667 score
717 sew@V-tailor@N-NSUBJ freq:12.0 ppmi:11.725700922091281	sew@V-dress@N-OBJ freq:56.0 ppmi:7.601397579549524 score
718 explain@V-teacher@N-NSUBJ freq:79.0 ppmi:2.6404432304259964	explain@V-tactic@N-OBJ freq:73.0 ppmi:2.1930325416409935 score
719 explain@V-teacher@N-NSUBJ freq:79.0 ppmi:2.6404432304259964	explain@V-exercise@N-OBJ freq:34.0 ppmi:0 score
720 give@V-teacher@N-NSUBJ freq:270.0 ppmi:2.5320361330734253	give@V-drug@N-OBJ freq:1521.0 ppmi:1.176286941156408 score
721 give@V-teacher@N-NSUBJ freq:270.0 ppmi:2.5320361330734253	give@V-homework@N-OBJ freq:141.0 ppmi:0.9182367287760731 score
722 help@V-teacher@N-NSUBJ freq:354.0 ppmi:3.359337238950071	help@V-patient@N-OBJ freq:2533.0 ppmi:4.274299652073986 score
723 help@V-teacher@N-NSUBJ freq:354.0 ppmi:3.359337238950071	help@V-child@N-OBJ freq:12824.0 ppmi:3.8726038101428646 score
724 lend@V-teacher@N-NSUBJ freq:6.0 ppmi:1.9242162462736383	lend@V-gun@N-OBJ freq:27.0 ppmi:1.4503923950816695 score
725 lend@V-teacher@N-NSUBJ freq:6.0 ppmi:1.9242162462736383	lend@V-book@N-OBJ freq:429.0 ppmi:2.7801569186102113 score
726 use@V-teacher@N-NSUBJ freq:709.0 ppmi:3.893260751548768	use@V-knife@N-OBJ freq:2131.0 ppmi:3.0464795628004597 score
727 use@V-teacher@N-NSUBJ freq:709.0 ppmi:3.893260751548768	use@V-blackboard@N-OBJ freq:401.0 ppmi:4.8989471571593795 score
728 hear@V-teenager@N-NSUBJ freq:5.0 ppmi:2.999007870920521	hear@V-lecture@N-OBJ freq:245.0 ppmi:3.8097623078011926 score
729 hear@V-teenager@N-NSUBJ freq:5.0 ppmi:2.999007870920521	hear@V-music@N-OBJ freq:3639.0 ppmi:4.00171330965353 score
730 release@V-terrorist@N-NSUBJ freq:11.0 ppmi:2.6275787857729638	release@V-book@N-OBJ freq:3516.0 ppmi:2.276760923396867 score
731 release@V-terrorist@N-NSUBJ freq:11.0 ppmi:2.6275787857729638	release@V-hostage@N-OBJ freq:331.0 ppmi:3.920757521001202 score
732 grab@V-thief@N-NSUBJ freq:15.0 ppmi:6.722805896776702	grab@V-banana@N-OBJ freq:19.0 ppmi:4.876780355713299 score
733 grab@V-thief@N-NSUBJ freq:15.0 ppmi:6.722805896776702	grab@V-money@N-OBJ freq:130.0 ppmi:1.1260057709283984 score
734 read@V-tourist@N-NSUBJ freq:5.0 ppmi:1.832087706514384	read@V-bible@N-OBJ freq:3274.0 ppmi:6.40282519343916 score
735 read@V-tourist@N-NSUBJ freq:5.0 ppmi:1.832087706514384	read@V-map@N-OBJ freq:674.0 ppmi:2.031342205104536 score
736 ride@V-tourist@N-NSUBJ freq:11.0 ppmi:4.776191937428373	ride@V-skate@N-OBJ freq:7.0 ppmi:4.694155497979102 score
737 ride@V-tourist@N-NSUBJ freq:11.0 ppmi:4.776191937428373	ride@V-camel@N-OBJ freq:188.0 ppmi:8.339652780274804 score
738 visit@V-tourist@N-NSUBJ freq:349.0 ppmi:7.60545369901393	visit@V-patient@N-OBJ freq:743.0 ppmi:2.14938533634263 score
739 visit@V-tourist@N-NSUBJ freq:349.0 ppmi:7.60545369901393	visit@V-museum@N-OBJ freq:5293.0 ppmi:5.586629691566948 score
740 check@V-traveller@N-NSUBJ freq:26.0 ppmi:5.075697496945548	check@V-grocery@N-OBJ freq:6.0 ppmi:1.9385992155161929 score
741 check@V-traveller@N-NSUBJ freq:26.0 ppmi:5.075697496945548	check@V-bag@N-OBJ freq:236.0 ppmi:2.6997423110701595 score
742 check@V-traveller@N-NSUBJ freq:26.0 ppmi:5.075697496945548	check@V-team@N-OBJ freq:54.0 ppmi:0 score
743 check@V-traveller@N-NSUBJ freq:26.0 ppmi:5.075697496945548	check@V-watch@N-OBJ freq:278.0 ppmi:4.040555728992041 score
744 hand@V-traveller@N-NSUBJ freq:0 ppmi:2.0520009943642004	hand@V-screwdriver@N-OBJ freq:0 ppmi:3.1403748847571684 zero_score
745 hand@V-traveller@N-NSUBJ freq:0 ppmi:2.0520009943642004	hand@V-bag@N-OBJ freq:191.0 ppmi:4.440934657300045 score
746 hit@V-truck@N-NSUBJ freq:5.0 ppmi:2.129199561203867	hit@V-bag@N-OBJ freq:82.0 ppmi:1.3155881881217049 score
747 hit@V-truck@N-NSUBJ freq:5.0 ppmi:2.129199561203867	hit@V-car@N-OBJ freq:730.0 ppmi:2.271859556715877 score
748 plow@V-truck@N-NSUBJ freq:14.0 ppmi:10.122254988439783	plow@V-garden@N-OBJ freq:0 ppmi:2.9547892701044405 score
749 plow@V-truck@N-NSUBJ freq:14.0 ppmi:10.122254988439783	plow@V-snow@N-OBJ freq:25.0 ppmi:9.398709035242707 score
750 dig@V-undertaker@N-NSUBJ freq:0 ppmi:5.203115690370763	dig@V-trench@N-OBJ freq:877.0 ppmi:10.955028582016817 score
751 dig@V-undertaker@N-NSUBJ freq:0 ppmi:5.203115690370763	dig@V-grave@N-OBJ freq:893.0 ppmi:9.835687457502127 score
752 lend@V-usurer@N-NSUBJ freq:0 ppmi:11.195971051920111	lend@V-toy@N-OBJ freq:18.0 ppmi:2.7480836599167358 score
753 lend@V-usurer@N-NSUBJ freq:0 ppmi:11.195971051920111	lend@V-money@N-OBJ freq:3190.0 ppmi:5.744513889939685 score
754 spray@V-vandal@N-NSUBJ freq:11.0 ppmi:11.122577793171429	spray@V-perfume@N-OBJ freq:14.0 ppmi:8.874643270700135 score
755 spray@V-vandal@N-NSUBJ freq:11.0 ppmi:11.122577793171429	spray@V-paint@N-OBJ freq:52.0 ppmi:8.232805778386156 score
756 examine@V-veterinarian@N-NSUBJ freq:22.0 ppmi:7.512686315023726	examine@V-plant@N-OBJ freq:93.0 ppmi:0.38509856417500266 score
757 examine@V-veterinarian@N-NSUBJ freq:22.0 ppmi:7.512686315023726	examine@V-dog@N-OBJ freq:39.0 ppmi:0 score
758 play@V-violinist@N-NSUBJ freq:19.0 ppmi:4.427787461727362	play@V-trumpet@N-OBJ freq:1808.0 ppmi:6.139755191424187 score
759 play@V-violinist@N-NSUBJ freq:19.0 ppmi:4.427787461727362	play@V-violin@N-OBJ freq:4035.0 ppmi:6.0410243953848966 score
760 wear@V-violinist@N-NSUBJ freq:0 ppmi:3.8072580779749288	wear@V-helmet@N-OBJ freq:4604.0 ppmi:8.428730176854929 score
761 wear@V-violinist@N-NSUBJ freq:0 ppmi:3.8072580779749288	wear@V-tuxedo@N-OBJ freq:263.0 ppmi:9.141503826683145 score
762 bring@V-volunteer@N-NSUBJ freq:50.0 ppmi:2.233619760681366	bring@V-hatchet@N-OBJ freq:9.0 ppmi:2.041025638082007 score
763 bring@V-volunteer@N-NSUBJ freq:50.0 ppmi:2.233619760681366	bring@V-food@N-OBJ freq:2880.0 ppmi:2.381921813167664 score
764 bring@V-waiter@N-NSUBJ freq:12.0 ppmi:3.7349184787920877	bring@V-guitar@N-OBJ freq:345.0 ppmi:0.663715205321427 score
765 bring@V-waiter@N-NSUBJ freq:12.0 ppmi:3.7349184787920877	bring@V-glass@N-OBJ freq:219.0 ppmi:0.616868583854798 score
766 carry@V-waiter@N-NSUBJ freq:15.0 ppmi:4.564713423958448	carry@V-rifle@N-OBJ freq:652.0 ppmi:4.236341164119785 score
767 carry@V-waiter@N-NSUBJ freq:15.0 ppmi:4.564713423958448	carry@V-tray@N-OBJ freq:199.0 ppmi:3.9177500937056293 score
768 clear@V-waiter@N-NSUBJ freq:4.0 ppmi:6.161237340983489	clear@V-road@N-OBJ freq:442.0 ppmi:3.806532204323618 score
769 clear@V-waiter@N-NSUBJ freq:4.0 ppmi:6.161237340983489	clear@V-bar@N-OBJ freq:214.0 ppmi:3.9461918973077927 score
770 clear@V-waiter@N-NSUBJ freq:4.0 ppmi:6.161237340983489	clear@V-tube@N-OBJ freq:22.0 ppmi:2.2972341954660753 score
771 clear@V-waiter@N-NSUBJ freq:4.0 ppmi:6.161237340983489	clear@V-table@N-OBJ freq:211.0 ppmi:3.580034013494753 score
772 cut@V-waiter@N-NSUBJ freq:3.0 ppmi:4.256585688079777	cut@V-hair@N-OBJ freq:2333.0 ppmi:6.216221023440814 score
773 cut@V-waiter@N-NSUBJ freq:3.0 ppmi:4.256585688079777	cut@V-cake@N-OBJ freq:529.0 ppmi:5.431172939418117 score
774 deliver@V-waiter@N-NSUBJ freq:10.0 ppmi:4.96362172578946	deliver@V-speech@N-OBJ freq:5201.0 ppmi:5.939488773453391 score
775 deliver@V-waiter@N-NSUBJ freq:10.0 ppmi:4.96362172578946	deliver@V-drink@N-OBJ freq:73.0 ppmi:0.3816847066467119 score
776 fetch@V-waiter@N-NSUBJ freq:3.0 ppmi:8.11450598883811	fetch@V-ball@N-OBJ freq:63.0 ppmi:3.708222298238821 score
777 fetch@V-waiter@N-NSUBJ freq:3.0 ppmi:8.11450598883811	fetch@V-water@N-OBJ freq:791.0 ppmi:6.802148729064098 score
778 hold@V-waiter@N-NSUBJ freq:6.0 ppmi:2.675102204494772	hold@V-flag@N-OBJ freq:572.0 ppmi:1.7315859830858866 score
779 hold@V-waiter@N-NSUBJ freq:6.0 ppmi:2.675102204494772	hold@V-bottle@N-OBJ freq:555.0 ppmi:2.3021472298490977 score
780 mix@V-waiter@N-NSUBJ freq:0 ppmi:4.293429083960851	mix@V-cement@N-OBJ freq:71.0 ppmi:7.484591142704703 score
781 mix@V-waiter@N-NSUBJ freq:0 ppmi:4.293429083960851	mix@V-drink@N-OBJ freq:159.0 ppmi:4.502479553615749 score
782 open@V-waiter@N-NSUBJ freq:3.0 ppmi:2.5533784146357155	open@V-sarcophagus@N-OBJ freq:33.0 ppmi:4.851168625320089 score
783 open@V-waiter@N-NSUBJ freq:3.0 ppmi:2.5533784146357155	open@V-bottle@N-OBJ freq:738.0 ppmi:3.6599238755909687 score
784 pour@V-waiter@N-NSUBJ freq:13.0 ppmi:7.638019054065666	pour@V-gasoline@N-OBJ freq:146.0 ppmi:9.417406257784725 score
785 pour@V-waiter@N-NSUBJ freq:13.0 ppmi:7.638019054065666	pour@V-wine@N-OBJ freq:394.0 ppmi:6.804296214585816 score
786 prepare@V-waiter@N-NSUBJ freq:3.0 ppmi:4.18337436588536	prepare@V-bomb@N-OBJ freq:58.0 ppmi:1.5243706074239416 score
787 prepare@V-waiter@N-NSUBJ freq:3.0 ppmi:4.18337436588536	prepare@V-drink@N-OBJ freq:239.0 ppmi:3.161094859825067 score
788 explain@V-witness@N-NSUBJ freq:11.0 ppmi:1.8656970591974547	explain@V-equation@N-OBJ freq:33.0 ppmi:1.097853734752977 score
789 explain@V-witness@N-NSUBJ freq:11.0 ppmi:1.8656970591974547	explain@V-circumstance@N-OBJ freq:681.0 ppmi:5.170871529473781 score
790 report@V-witness@N-NSUBJ freq:37.0 ppmi:2.9976081483422954	report@V-birth@N-OBJ freq:66.0 ppmi:0.5575092966670172 score
791 report@V-witness@N-NSUBJ freq:37.0 ppmi:2.9976081483422954	report@V-crime@N-OBJ freq:1880.0 ppmi:5.343539166640589 score
792 carry@V-woman@N-NSUBJ freq:225.0 ppmi:2.8548791421419035	carry@V-stone@N-OBJ freq:553.0 ppmi:2.1130589183416104 score
793 carry@V-woman@N-NSUBJ freq:225.0 ppmi:2.8548791421419035	carry@V-bag@N-OBJ freq:2435.0 ppmi:4.52154163604537 score
794 open@V-woman@N-NSUBJ freq:43.0 ppmi:0.2743834882209069	open@V-manhole@N-OBJ freq:16.0 ppmi:5.574486048482688 score
795 open@V-woman@N-NSUBJ freq:43.0 ppmi:0.2743834882209069	open@V-bag@N-OBJ freq:463.0 ppmi:2.5429180299267538 score
796 paint@V-woman@N-NSUBJ freq:21.0 ppmi:2.4379157184897373	paint@V-sign@N-OBJ freq:169.0 ppmi:2.708392325243668 score
797 paint@V-woman@N-NSUBJ freq:21.0 ppmi:2.4379157184897373	paint@V-toenail@N-OBJ freq:31.0 ppmi:8.703373232903408 score
